<?xml version="1.0" encoding="UTF-8"?>
<testsuite xmlns:xsi="http://www.w3.org/2001/XMLSchema-instance" xsi:noNamespaceSchemaLocation="https://maven.apache.org/surefire/maven-surefire-plugin/xsd/surefire-test-report.xsd" name="com.bupt.zhidian.VLTest" time="3.346" tests="1" errors="1" skipped="0" failures="0">
  <properties>
[...]
</properties>
  <testcase name="contextLoads" classname="com.bupt.zhidian.VLTest" time="0.009">
    <error message="Failed to load ApplicationContext" type="java.lang.IllegalStateException">java.lang.IllegalStateException: Failed to load ApplicationContext
Caused by: org.springframework.beans.factory.UnsatisfiedDependencyException: Error creating bean with name 'documentationPluginsBootstrapper' defined in URL [jar:file:/D:/tools/java/apache-maven-3.3.9/userlib/io/springfox/springfox-spring-web/2.9.2/springfox-spring-web-2.9.2.jar!/springfox/documentation/spring/web/plugins/DocumentationPluginsBootstrapper.class]: Unsatisfied dependency expressed through constructor parameter 1; nested exception is org.springframework.beans.factory.UnsatisfiedDependencyException: Error creating bean with name 'webMvcRequestHandlerProvider' defined in URL [jar:file:/D:/tools/java/apache-maven-3.3.9/userlib/io/springfox/springfox-spring-web/2.9.2/springfox-spring-web-2.9.2.jar!/springfox/documentation/spring/web/plugins/WebMvcRequestHandlerProvider.class]: Unsatisfied dependency expressed through constructor parameter 1; nested exception is org.springframework.beans.factory.BeanCreationException: Error creating bean with name 'webEndpointServletHandlerMapping' defined in class path resource [org/springframework/boot/actuate/autoconfigure/endpoint/web/servlet/WebMvcEndpointManagementContextConfiguration.class]: Bean instantiation via factory method failed; nested exception is org.springframework.beans.BeanInstantiationException: Failed to instantiate [org.springframework.boot.actuate.endpoint.web.servlet.WebMvcEndpointHandlerMapping]: Factory method 'webEndpointServletHandlerMapping' threw exception; nested exception is org.springframework.beans.factory.BeanCreationException: Error creating bean with name 'healthEndpoint' defined in class path resource [org/springframework/boot/actuate/autoconfigure/health/HealthEndpointConfiguration.class]: Bean instantiation via factory method failed; nested exception is org.springframework.beans.BeanInstantiationException: Failed to instantiate [org.springframework.boot.actuate.health.HealthEndpoint]: Factory method 'healthEndpoint' threw exception; nested exception is org.springframework.beans.factory.BeanCreationException: Error creating bean with name 'org.springframework.boot.actuate.autoconfigure.jdbc.DataSourceHealthIndicatorAutoConfiguration': Bean instantiation via constructor failed; nested exception is org.springframework.beans.BeanInstantiationException: Failed to instantiate [org.springframework.boot.actuate.autoconfigure.jdbc.DataSourceHealthIndicatorAutoConfiguration$$EnhancerBySpringCGLIB$$89872986]: Constructor threw exception; nested exception is org.springframework.beans.factory.BeanCreationException: Error creating bean with name 'dataSource' defined in class path resource [org/springframework/boot/autoconfigure/jdbc/DataSourceConfiguration$Hikari.class]: Bean instantiation via factory method failed; nested exception is org.springframework.beans.BeanInstantiationException: Failed to instantiate [com.zaxxer.hikari.HikariDataSource]: Factory method 'dataSource' threw exception; nested exception is org.springframework.boot.autoconfigure.jdbc.DataSourceProperties$DataSourceBeanCreationException: Failed to determine a suitable driver class
Caused by: org.springframework.beans.factory.UnsatisfiedDependencyException: Error creating bean with name 'webMvcRequestHandlerProvider' defined in URL [jar:file:/D:/tools/java/apache-maven-3.3.9/userlib/io/springfox/springfox-spring-web/2.9.2/springfox-spring-web-2.9.2.jar!/springfox/documentation/spring/web/plugins/WebMvcRequestHandlerProvider.class]: Unsatisfied dependency expressed through constructor parameter 1; nested exception is org.springframework.beans.factory.BeanCreationException: Error creating bean with name 'webEndpointServletHandlerMapping' defined in class path resource [org/springframework/boot/actuate/autoconfigure/endpoint/web/servlet/WebMvcEndpointManagementContextConfiguration.class]: Bean instantiation via factory method failed; nested exception is org.springframework.beans.BeanInstantiationException: Failed to instantiate [org.springframework.boot.actuate.endpoint.web.servlet.WebMvcEndpointHandlerMapping]: Factory method 'webEndpointServletHandlerMapping' threw exception; nested exception is org.springframework.beans.factory.BeanCreationException: Error creating bean with name 'healthEndpoint' defined in class path resource [org/springframework/boot/actuate/autoconfigure/health/HealthEndpointConfiguration.class]: Bean instantiation via factory method failed; nested exception is org.springframework.beans.BeanInstantiationException: Failed to instantiate [org.springframework.boot.actuate.health.HealthEndpoint]: Factory method 'healthEndpoint' threw exception; nested exception is org.springframework.beans.factory.BeanCreationException: Error creating bean with name 'org.springframework.boot.actuate.autoconfigure.jdbc.DataSourceHealthIndicatorAutoConfiguration': Bean instantiation via constructor failed; nested exception is org.springframework.beans.BeanInstantiationException: Failed to instantiate [org.springframework.boot.actuate.autoconfigure.jdbc.DataSourceHealthIndicatorAutoConfiguration$$EnhancerBySpringCGLIB$$89872986]: Constructor threw exception; nested exception is org.springframework.beans.factory.BeanCreationException: Error creating bean with name 'dataSource' defined in class path resource [org/springframework/boot/autoconfigure/jdbc/DataSourceConfiguration$Hikari.class]: Bean instantiation via factory method failed; nested exception is org.springframework.beans.BeanInstantiationException: Failed to instantiate [com.zaxxer.hikari.HikariDataSource]: Factory method 'dataSource' threw exception; nested exception is org.springframework.boot.autoconfigure.jdbc.DataSourceProperties$DataSourceBeanCreationException: Failed to determine a suitable driver class
Caused by: org.springframework.beans.factory.BeanCreationException: Error creating bean with name 'webEndpointServletHandlerMapping' defined in class path resource [org/springframework/boot/actuate/autoconfigure/endpoint/web/servlet/WebMvcEndpointManagementContextConfiguration.class]: Bean instantiation via factory method failed; nested exception is org.springframework.beans.BeanInstantiationException: Failed to instantiate [org.springframework.boot.actuate.endpoint.web.servlet.WebMvcEndpointHandlerMapping]: Factory method 'webEndpointServletHandlerMapping' threw exception; nested exception is org.springframework.beans.factory.BeanCreationException: Error creating bean with name 'healthEndpoint' defined in class path resource [org/springframework/boot/actuate/autoconfigure/health/HealthEndpointConfiguration.class]: Bean instantiation via factory method failed; nested exception is org.springframework.beans.BeanInstantiationException: Failed to instantiate [org.springframework.boot.actuate.health.HealthEndpoint]: Factory method 'healthEndpoint' threw exception; nested exception is org.springframework.beans.factory.BeanCreationException: Error creating bean with name 'org.springframework.boot.actuate.autoconfigure.jdbc.DataSourceHealthIndicatorAutoConfiguration': Bean instantiation via constructor failed; nested exception is org.springframework.beans.BeanInstantiationException: Failed to instantiate [org.springframework.boot.actuate.autoconfigure.jdbc.DataSourceHealthIndicatorAutoConfiguration$$EnhancerBySpringCGLIB$$89872986]: Constructor threw exception; nested exception is org.springframework.beans.factory.BeanCreationException: Error creating bean with name 'dataSource' defined in class path resource [org/springframework/boot/autoconfigure/jdbc/DataSourceConfiguration$Hikari.class]: Bean instantiation via factory method failed; nested exception is org.springframework.beans.BeanInstantiationException: Failed to instantiate [com.zaxxer.hikari.HikariDataSource]: Factory method 'dataSource' threw exception; nested exception is org.springframework.boot.autoconfigure.jdbc.DataSourceProperties$DataSourceBeanCreationException: Failed to determine a suitable driver class
Caused by: org.springframework.beans.BeanInstantiationException: Failed to instantiate [org.springframework.boot.actuate.endpoint.web.servlet.WebMvcEndpointHandlerMapping]: Factory method 'webEndpointServletHandlerMapping' threw exception; nested exception is org.springframework.beans.factory.BeanCreationException: Error creating bean with name 'healthEndpoint' defined in class path resource [org/springframework/boot/actuate/autoconfigure/health/HealthEndpointConfiguration.class]: Bean instantiation via factory method failed; nested exception is org.springframework.beans.BeanInstantiationException: Failed to instantiate [org.springframework.boot.actuate.health.HealthEndpoint]: Factory method 'healthEndpoint' threw exception; nested exception is org.springframework.beans.factory.BeanCreationException: Error creating bean with name 'org.springframework.boot.actuate.autoconfigure.jdbc.DataSourceHealthIndicatorAutoConfiguration': Bean instantiation via constructor failed; nested exception is org.springframework.beans.BeanInstantiationException: Failed to instantiate [org.springframework.boot.actuate.autoconfigure.jdbc.DataSourceHealthIndicatorAutoConfiguration$$EnhancerBySpringCGLIB$$89872986]: Constructor threw exception; nested exception is org.springframework.beans.factory.BeanCreationException: Error creating bean with name 'dataSource' defined in class path resource [org/springframework/boot/autoconfigure/jdbc/DataSourceConfiguration$Hikari.class]: Bean instantiation via factory method failed; nested exception is org.springframework.beans.BeanInstantiationException: Failed to instantiate [com.zaxxer.hikari.HikariDataSource]: Factory method 'dataSource' threw exception; nested exception is org.springframework.boot.autoconfigure.jdbc.DataSourceProperties$DataSourceBeanCreationException: Failed to determine a suitable driver class
Caused by: org.springframework.beans.factory.BeanCreationException: Error creating bean with name 'healthEndpoint' defined in class path resource [org/springframework/boot/actuate/autoconfigure/health/HealthEndpointConfiguration.class]: Bean instantiation via factory method failed; nested exception is org.springframework.beans.BeanInstantiationException: Failed to instantiate [org.springframework.boot.actuate.health.HealthEndpoint]: Factory method 'healthEndpoint' threw exception; nested exception is org.springframework.beans.factory.BeanCreationException: Error creating bean with name 'org.springframework.boot.actuate.autoconfigure.jdbc.DataSourceHealthIndicatorAutoConfiguration': Bean instantiation via constructor failed; nested exception is org.springframework.beans.BeanInstantiationException: Failed to instantiate [org.springframework.boot.actuate.autoconfigure.jdbc.DataSourceHealthIndicatorAutoConfiguration$$EnhancerBySpringCGLIB$$89872986]: Constructor threw exception; nested exception is org.springframework.beans.factory.BeanCreationException: Error creating bean with name 'dataSource' defined in class path resource [org/springframework/boot/autoconfigure/jdbc/DataSourceConfiguration$Hikari.class]: Bean instantiation via factory method failed; nested exception is org.springframework.beans.BeanInstantiationException: Failed to instantiate [com.zaxxer.hikari.HikariDataSource]: Factory method 'dataSource' threw exception; nested exception is org.springframework.boot.autoconfigure.jdbc.DataSourceProperties$DataSourceBeanCreationException: Failed to determine a suitable driver class
Caused by: org.springframework.beans.BeanInstantiationException: Failed to instantiate [org.springframework.boot.actuate.health.HealthEndpoint]: Factory method 'healthEndpoint' threw exception; nested exception is org.springframework.beans.factory.BeanCreationException: Error creating bean with name 'org.springframework.boot.actuate.autoconfigure.jdbc.DataSourceHealthIndicatorAutoConfiguration': Bean instantiation via constructor failed; nested exception is org.springframework.beans.BeanInstantiationException: Failed to instantiate [org.springframework.boot.actuate.autoconfigure.jdbc.DataSourceHealthIndicatorAutoConfiguration$$EnhancerBySpringCGLIB$$89872986]: Constructor threw exception; nested exception is org.springframework.beans.factory.BeanCreationException: Error creating bean with name 'dataSource' defined in class path resource [org/springframework/boot/autoconfigure/jdbc/DataSourceConfiguration$Hikari.class]: Bean instantiation via factory method failed; nested exception is org.springframework.beans.BeanInstantiationException: Failed to instantiate [com.zaxxer.hikari.HikariDataSource]: Factory method 'dataSource' threw exception; nested exception is org.springframework.boot.autoconfigure.jdbc.DataSourceProperties$DataSourceBeanCreationException: Failed to determine a suitable driver class
Caused by: org.springframework.beans.factory.BeanCreationException: Error creating bean with name 'org.springframework.boot.actuate.autoconfigure.jdbc.DataSourceHealthIndicatorAutoConfiguration': Bean instantiation via constructor failed; nested exception is org.springframework.beans.BeanInstantiationException: Failed to instantiate [org.springframework.boot.actuate.autoconfigure.jdbc.DataSourceHealthIndicatorAutoConfiguration$$EnhancerBySpringCGLIB$$89872986]: Constructor threw exception; nested exception is org.springframework.beans.factory.BeanCreationException: Error creating bean with name 'dataSource' defined in class path resource [org/springframework/boot/autoconfigure/jdbc/DataSourceConfiguration$Hikari.class]: Bean instantiation via factory method failed; nested exception is org.springframework.beans.BeanInstantiationException: Failed to instantiate [com.zaxxer.hikari.HikariDataSource]: Factory method 'dataSource' threw exception; nested exception is org.springframework.boot.autoconfigure.jdbc.DataSourceProperties$DataSourceBeanCreationException: Failed to determine a suitable driver class
Caused by: org.springframework.beans.BeanInstantiationException: Failed to instantiate [org.springframework.boot.actuate.autoconfigure.jdbc.DataSourceHealthIndicatorAutoConfiguration$$EnhancerBySpringCGLIB$$89872986]: Constructor threw exception; nested exception is org.springframework.beans.factory.BeanCreationException: Error creating bean with name 'dataSource' defined in class path resource [org/springframework/boot/autoconfigure/jdbc/DataSourceConfiguration$Hikari.class]: Bean instantiation via factory method failed; nested exception is org.springframework.beans.BeanInstantiationException: Failed to instantiate [com.zaxxer.hikari.HikariDataSource]: Factory method 'dataSource' threw exception; nested exception is org.springframework.boot.autoconfigure.jdbc.DataSourceProperties$DataSourceBeanCreationException: Failed to determine a suitable driver class
Caused by: org.springframework.beans.factory.BeanCreationException: Error creating bean with name 'dataSource' defined in class path resource [org/springframework/boot/autoconfigure/jdbc/DataSourceConfiguration$Hikari.class]: Bean instantiation via factory method failed; nested exception is org.springframework.beans.BeanInstantiationException: Failed to instantiate [com.zaxxer.hikari.HikariDataSource]: Factory method 'dataSource' threw exception; nested exception is org.springframework.boot.autoconfigure.jdbc.DataSourceProperties$DataSourceBeanCreationException: Failed to determine a suitable driver class
Caused by: org.springframework.beans.BeanInstantiationException: Failed to instantiate [com.zaxxer.hikari.HikariDataSource]: Factory method 'dataSource' threw exception; nested exception is org.springframework.boot.autoconfigure.jdbc.DataSourceProperties$DataSourceBeanCreationException: Failed to determine a suitable driver class
Caused by: org.springframework.boot.autoconfigure.jdbc.DataSourceProperties$DataSourceBeanCreationException: Failed to determine a suitable driver class
</error>
    <system-out><![CDATA[15:11:33.748 [main] DEBUG org.springframework.test.context.junit4.SpringJUnit4ClassRunner - SpringJUnit4ClassRunner constructor called with [class com.bupt.zhidian.VLTest]
15:11:33.754 [main] DEBUG org.springframework.test.context.BootstrapUtils - Instantiating CacheAwareContextLoaderDelegate from class [org.springframework.test.context.cache.DefaultCacheAwareContextLoaderDelegate]
15:11:33.761 [main] DEBUG org.springframework.test.context.BootstrapUtils - Instantiating BootstrapContext using constructor [public org.springframework.test.context.support.DefaultBootstrapContext(java.lang.Class,org.springframework.test.context.CacheAwareContextLoaderDelegate)]
15:11:33.777 [main] DEBUG org.springframework.test.context.BootstrapUtils - Instantiating TestContextBootstrapper for test class [com.bupt.zhidian.VLTest] from class [org.springframework.boot.test.context.SpringBootTestContextBootstrapper]
15:11:33.791 [main] INFO org.springframework.boot.test.context.SpringBootTestContextBootstrapper - Neither @ContextConfiguration nor @ContextHierarchy found for test class [com.bupt.zhidian.VLTest], using SpringBootContextLoader
15:11:33.795 [main] DEBUG org.springframework.test.context.support.AbstractContextLoader - Did not detect default resource location for test class [com.bupt.zhidian.VLTest]: class path resource [com/bupt/zhidian/VLTest-context.xml] does not exist
15:11:33.795 [main] DEBUG org.springframework.test.context.support.AbstractContextLoader - Did not detect default resource location for test class [com.bupt.zhidian.VLTest]: class path resource [com/bupt/zhidian/VLTestContext.groovy] does not exist
15:11:33.796 [main] INFO org.springframework.test.context.support.AbstractContextLoader - Could not detect default resource locations for test class [com.bupt.zhidian.VLTest]: no resource found for suffixes {-context.xml, Context.groovy}.
15:11:33.797 [main] INFO org.springframework.test.context.support.AnnotationConfigContextLoaderUtils - Could not detect default configuration classes for test class [com.bupt.zhidian.VLTest]: VLTest does not declare any static, non-private, non-final, nested classes annotated with @Configuration.
15:11:33.842 [main] DEBUG org.springframework.test.context.support.ActiveProfilesUtils - Could not find an 'annotation declaring class' for annotation type [org.springframework.test.context.ActiveProfiles] and class [com.bupt.zhidian.VLTest]
15:11:33.849 [main] DEBUG org.springframework.core.env.StandardEnvironment - Adding PropertySource 'systemProperties' with lowest search precedence
15:11:33.849 [main] DEBUG org.springframework.core.env.StandardEnvironment - Adding PropertySource 'systemEnvironment' with lowest search precedence
15:11:33.849 [main] DEBUG org.springframework.core.env.StandardEnvironment - Initialized StandardEnvironment with PropertySources [MapPropertySource@1306854175 {name='systemProperties', properties={java.runtime.name=Java(TM) SE Runtime Environment, sun.boot.library.path=D:\tools\java\jdk\jre\bin, java.vm.version=25.212-b10, java.vm.vendor=Oracle Corporation, java.vendor.url=http://java.oracle.com/, path.separator=;, java.vm.name=Java HotSpot(TM) 64-Bit Server VM, file.encoding.pkg=sun.io, user.country=CN, user.script=, sun.java.launcher=SUN_STANDARD, sun.os.patch.level=, java.vm.specification.name=Java Virtual Machine Specification, user.dir=D:\tools\!!!Spring boot\zhidian\VL, java.runtime.version=1.8.0_212-b10, basedir=D:\tools\!!!Spring boot\zhidian\VL, java.awt.graphicsenv=sun.awt.Win32GraphicsEnvironment, java.endorsed.dirs=D:\tools\java\jdk\jre\lib\endorsed, os.arch=amd64, surefire.real.class.path=C:\Users\sd\AppData\Local\Temp\surefire6774464419610085383\surefirebooter9212784774380841474.jar, java.io.tmpdir=C:\Users\sd\AppData\Local\Temp\, line.separator=
, java.vm.specification.vendor=Oracle Corporation, user.variant=, os.name=Windows 10, sun.jnu.encoding=GBK, java.library.path=D:\tools\java\jdk\jre\bin;C:\Windows\Sun\Java\bin;C:\Windows\system32;C:\Windows;C:\Program Files (x86)\Common Files\Oracle\Java\javapath;C:\Windows\system32;C:\Windows;C:\Windows\System32\Wbem;C:\Windows\System32\WindowsPowerShell\v1.0\;C:\Windows\System32\OpenSSH\;C:\Program Files (x86)\NVIDIA Corporation\PhysX\Common;C:\Program Files\NVIDIA Corporation\NVIDIA NvDLISR;D:\tools\Git\cmd;D:\tools\java\jdk\bin;D:\tools\java\apache-maven-3.3.9\bin;D:\tools\mongodb;D:\tools\erl\bin;D:\tools\rabbitmq\sbin;C:\Program Files\dotnet\;D:\tools\Git\mingw64\bin;D:\tools\Git\bin;D:\tools\Git\mingw64\libexec\git-core;D:\tools\mysql\bin;C:\Users\sd\AppData\Local\Microsoft\WindowsApps;D:\tools\MinGW\mingw64\bin;D:\tools\mongodb;\bin;D:\tools\erl\bin;C:\Users\sd\.dotnet\tools;D:\tools\PyCharm\bin;;., surefire.test.class.path=D:\tools\!!!Spring boot\zhidian\VL\target\test-classes;D:\tools\!!!Spring boot\zhidian\VL\target\classes;D:\tools\java\apache-maven-3.3.9\userlib\org\springframework\boot\spring-boot-starter-web\2.0.6.RELEASE\spring-boot-starter-web-2.0.6.RELEASE.jar;D:\tools\java\apache-maven-3.3.9\userlib\org\springframework\boot\spring-boot-starter\2.0.6.RELEASE\spring-boot-starter-2.0.6.RELEASE.jar;D:\tools\java\apache-maven-3.3.9\userlib\org\springframework\boot\spring-boot-starter-logging\2.0.6.RELEASE\spring-boot-starter-logging-2.0.6.RELEASE.jar;D:\tools\java\apache-maven-3.3.9\userlib\ch\qos\logback\logback-classic\1.2.3\logback-classic-1.2.3.jar;D:\tools\java\apache-maven-3.3.9\userlib\ch\qos\logback\logback-core\1.2.3\logback-core-1.2.3.jar;D:\tools\java\apache-maven-3.3.9\userlib\org\apache\logging\log4j\log4j-to-slf4j\2.10.0\log4j-to-slf4j-2.10.0.jar;D:\tools\java\apache-maven-3.3.9\userlib\org\apache\logging\log4j\log4j-api\2.10.0\log4j-api-2.10.0.jar;D:\tools\java\apache-maven-3.3.9\userlib\org\slf4j\jul-to-slf4j\1.7.25\jul-to-slf4j-1.7.25.jar;D:\tools\java\apache-maven-3.3.9\userlib\javax\annotation\javax.annotation-api\1.3.2\javax.annotation-api-1.3.2.jar;D:\tools\java\apache-maven-3.3.9\userlib\org\yaml\snakeyaml\1.19\snakeyaml-1.19.jar;D:\tools\java\apache-maven-3.3.9\userlib\org\springframework\boot\spring-boot-starter-json\2.0.6.RELEASE\spring-boot-starter-json-2.0.6.RELEASE.jar;D:\tools\java\apache-maven-3.3.9\userlib\com\fasterxml\jackson\core\jackson-databind\2.9.7\jackson-databind-2.9.7.jar;D:\tools\java\apache-maven-3.3.9\userlib\com\fasterxml\jackson\core\jackson-core\2.9.7\jackson-core-2.9.7.jar;D:\tools\java\apache-maven-3.3.9\userlib\com\fasterxml\jackson\datatype\jackson-datatype-jdk8\2.9.7\jackson-datatype-jdk8-2.9.7.jar;D:\tools\java\apache-maven-3.3.9\userlib\com\fasterxml\jackson\datatype\jackson-datatype-jsr310\2.9.7\jackson-datatype-jsr310-2.9.7.jar;D:\tools\java\apache-maven-3.3.9\userlib\com\fasterxml\jackson\module\jackson-module-parameter-names\2.9.7\jackson-module-parameter-names-2.9.7.jar;D:\tools\java\apache-maven-3.3.9\userlib\org\springframework\boot\spring-boot-starter-tomcat\2.0.6.RELEASE\spring-boot-starter-tomcat-2.0.6.RELEASE.jar;D:\tools\java\apache-maven-3.3.9\userlib\org\apache\tomcat\embed\tomcat-embed-core\8.5.34\tomcat-embed-core-8.5.34.jar;D:\tools\java\apache-maven-3.3.9\userlib\org\apache\tomcat\embed\tomcat-embed-el\8.5.34\tomcat-embed-el-8.5.34.jar;D:\tools\java\apache-maven-3.3.9\userlib\org\apache\tomcat\embed\tomcat-embed-websocket\8.5.34\tomcat-embed-websocket-8.5.34.jar;D:\tools\java\apache-maven-3.3.9\userlib\org\hibernate\validator\hibernate-validator\6.0.13.Final\hibernate-validator-6.0.13.Final.jar;D:\tools\java\apache-maven-3.3.9\userlib\javax\validation\validation-api\2.0.1.Final\validation-api-2.0.1.Final.jar;D:\tools\java\apache-maven-3.3.9\userlib\org\jboss\logging\jboss-logging\3.3.2.Final\jboss-logging-3.3.2.Final.jar;D:\tools\java\apache-maven-3.3.9\userlib\org\springframework\spring-web\5.0.10.RELEASE\spring-web-5.0.10.RELEASE.jar;D:\tools\java\apache-maven-3.3.9\userlib\org\springframework\spring-beans\5.0.10.RELEASE\spring-beans-5.0.10.RELEASE.jar;D:\tools\java\apache-maven-3.3.9\userlib\org\springframework\spring-webmvc\5.0.10.RELEASE\spring-webmvc-5.0.10.RELEASE.jar;D:\tools\java\apache-maven-3.3.9\userlib\org\springframework\spring-aop\5.0.10.RELEASE\spring-aop-5.0.10.RELEASE.jar;D:\tools\java\apache-maven-3.3.9\userlib\org\springframework\spring-expression\5.0.10.RELEASE\spring-expression-5.0.10.RELEASE.jar;D:\tools\java\apache-maven-3.3.9\userlib\org\springframework\boot\spring-boot-starter-mail\2.0.6.RELEASE\spring-boot-starter-mail-2.0.6.RELEASE.jar;D:\tools\java\apache-maven-3.3.9\userlib\org\springframework\spring-context\5.0.10.RELEASE\spring-context-5.0.10.RELEASE.jar;D:\tools\java\apache-maven-3.3.9\userlib\org\springframework\spring-context-support\5.0.10.RELEASE\spring-context-support-5.0.10.RELEASE.jar;D:\tools\java\apache-maven-3.3.9\userlib\com\sun\mail\javax.mail\1.6.2\javax.mail-1.6.2.jar;D:\tools\java\apache-maven-3.3.9\userlib\javax\activation\activation\1.1\activation-1.1.jar;D:\tools\java\apache-maven-3.3.9\userlib\de\codecentric\spring-boot-admin-starter-server\2.0.2\spring-boot-admin-starter-server-2.0.2.jar;D:\tools\java\apache-maven-3.3.9\userlib\de\codecentric\spring-boot-admin-server\2.0.2\spring-boot-admin-server-2.0.2.jar;D:\tools\java\apache-maven-3.3.9\userlib\org\springframework\boot\spring-boot-starter-webflux\2.0.6.RELEASE\spring-boot-starter-webflux-2.0.6.RELEASE.jar;D:\tools\java\apache-maven-3.3.9\userlib\org\springframework\boot\spring-boot-starter-reactor-netty\2.0.6.RELEASE\spring-boot-starter-reactor-netty-2.0.6.RELEASE.jar;D:\tools\java\apache-maven-3.3.9\userlib\io\projectreactor\ipc\reactor-netty\0.7.10.RELEASE\reactor-netty-0.7.10.RELEASE.jar;D:\tools\java\apache-maven-3.3.9\userlib\io\netty\netty-codec-http\4.1.29.Final\netty-codec-http-4.1.29.Final.jar;D:\tools\java\apache-maven-3.3.9\userlib\io\netty\netty-codec\4.1.29.Final\netty-codec-4.1.29.Final.jar;D:\tools\java\apache-maven-3.3.9\userlib\io\netty\netty-handler\4.1.29.Final\netty-handler-4.1.29.Final.jar;D:\tools\java\apache-maven-3.3.9\userlib\io\netty\netty-buffer\4.1.29.Final\netty-buffer-4.1.29.Final.jar;D:\tools\java\apache-maven-3.3.9\userlib\io\netty\netty-transport\4.1.29.Final\netty-transport-4.1.29.Final.jar;D:\tools\java\apache-maven-3.3.9\userlib\io\netty\netty-resolver\4.1.29.Final\netty-resolver-4.1.29.Final.jar;D:\tools\java\apache-maven-3.3.9\userlib\io\netty\netty-handler-proxy\4.1.29.Final\netty-handler-proxy-4.1.29.Final.jar;D:\tools\java\apache-maven-3.3.9\userlib\io\netty\netty-codec-socks\4.1.29.Final\netty-codec-socks-4.1.29.Final.jar;D:\tools\java\apache-maven-3.3.9\userlib\io\netty\netty-transport-native-epoll\4.1.29.Final\netty-transport-native-epoll-4.1.29.Final-linux-x86_64.jar;D:\tools\java\apache-maven-3.3.9\userlib\io\netty\netty-common\4.1.29.Final\netty-common-4.1.29.Final.jar;D:\tools\java\apache-maven-3.3.9\userlib\io\netty\netty-transport-native-unix-common\4.1.29.Final\netty-transport-native-unix-common-4.1.29.Final.jar;D:\tools\java\apache-maven-3.3.9\userlib\org\springframework\spring-webflux\5.0.10.RELEASE\spring-webflux-5.0.10.RELEASE.jar;D:\tools\java\apache-maven-3.3.9\userlib\org\synchronoss\cloud\nio-multipart-parser\1.1.0\nio-multipart-parser-1.1.0.jar;D:\tools\java\apache-maven-3.3.9\userlib\org\synchronoss\cloud\nio-stream-storage\1.1.3\nio-stream-storage-1.1.3.jar;D:\tools\java\apache-maven-3.3.9\userlib\org\springframework\boot\spring-boot-starter-thymeleaf\2.0.6.RELEASE\spring-boot-starter-thymeleaf-2.0.6.RELEASE.jar;D:\tools\java\apache-maven-3.3.9\userlib\org\thymeleaf\thymeleaf-spring5\3.0.10.RELEASE\thymeleaf-spring5-3.0.10.RELEASE.jar;D:\tools\java\apache-maven-3.3.9\userlib\org\thymeleaf\thymeleaf\3.0.10.RELEASE\thymeleaf-3.0.10.RELEASE.jar;D:\tools\java\apache-maven-3.3.9\userlib\org\attoparser\attoparser\2.0.5.RELEASE\attoparser-2.0.5.RELEASE.jar;D:\tools\java\apache-maven-3.3.9\userlib\org\unbescape\unbescape\1.1.6.RELEASE\unbescape-1.1.6.RELEASE.jar;D:\tools\java\apache-maven-3.3.9\userlib\org\thymeleaf\extras\thymeleaf-extras-java8time\3.0.1.RELEASE\thymeleaf-extras-java8time-3.0.1.RELEASE.jar;D:\tools\java\apache-maven-3.3.9\userlib\org\springframework\boot\spring-boot-starter-actuator\2.0.6.RELEASE\spring-boot-starter-actuator-2.0.6.RELEASE.jar;D:\tools\java\apache-maven-3.3.9\userlib\org\springframework\boot\spring-boot-actuator-autoconfigure\2.0.6.RELEASE\spring-boot-actuator-autoconfigure-2.0.6.RELEASE.jar;D:\tools\java\apache-maven-3.3.9\userlib\org\springframework\boot\spring-boot-actuator\2.0.6.RELEASE\spring-boot-actuator-2.0.6.RELEASE.jar;D:\tools\java\apache-maven-3.3.9\userlib\io\micrometer\micrometer-core\1.0.7\micrometer-core-1.0.7.jar;D:\tools\java\apache-maven-3.3.9\userlib\org\hdrhistogram\HdrHistogram\2.1.10\HdrHistogram-2.1.10.jar;D:\tools\java\apache-maven-3.3.9\userlib\org\latencyutils\LatencyUtils\2.0.3\LatencyUtils-2.0.3.jar;D:\tools\java\apache-maven-3.3.9\userlib\io\projectreactor\addons\reactor-extra\3.1.7.RELEASE\reactor-extra-3.1.7.RELEASE.jar;D:\tools\java\apache-maven-3.3.9\userlib\io\projectreactor\reactor-core\3.1.10.RELEASE\reactor-core-3.1.10.RELEASE.jar;D:\tools\java\apache-maven-3.3.9\userlib\org\reactivestreams\reactive-streams\1.0.2\reactive-streams-1.0.2.jar;D:\tools\java\apache-maven-3.3.9\userlib\de\codecentric\spring-boot-admin-server-ui\2.0.2\spring-boot-admin-server-ui-2.0.2.jar;D:\tools\java\apache-maven-3.3.9\userlib\de\codecentric\spring-boot-admin-server-cloud\2.0.2\spring-boot-admin-server-cloud-2.0.2.jar;D:\tools\java\apache-maven-3.3.9\userlib\org\springframework\boot\spring-boot-configuration-processor\2.0.6.RELEASE\spring-boot-configuration-processor-2.0.6.RELEASE.jar;D:\tools\java\apache-maven-3.3.9\userlib\org\springframework\boot\spring-boot-devtools\2.0.6.RELEASE\spring-boot-devtools-2.0.6.RELEASE.jar;D:\tools\java\apache-maven-3.3.9\userlib\org\springframework\boot\spring-boot\2.0.6.RELEASE\spring-boot-2.0.6.RELEASE.jar;D:\tools\java\apache-maven-3.3.9\userlib\org\springframework\boot\spring-boot-autoconfigure\2.0.6.RELEASE\spring-boot-autoconfigure-2.0.6.RELEASE.jar;D:\tools\java\apache-maven-3.3.9\userlib\org\springframework\boot\spring-boot-starter-test\2.0.6.RELEASE\spring-boot-starter-test-2.0.6.RELEASE.jar;D:\tools\java\apache-maven-3.3.9\userlib\org\springframework\boot\spring-boot-test\2.0.6.RELEASE\spring-boot-test-2.0.6.RELEASE.jar;D:\tools\java\apache-maven-3.3.9\userlib\org\springframework\boot\spring-boot-test-autoconfigure\2.0.6.RELEASE\spring-boot-test-autoconfigure-2.0.6.RELEASE.jar;D:\tools\java\apache-maven-3.3.9\userlib\com\jayway\jsonpath\json-path\2.4.0\json-path-2.4.0.jar;D:\tools\java\apache-maven-3.3.9\userlib\net\minidev\json-smart\2.3\json-smart-2.3.jar;D:\tools\java\apache-maven-3.3.9\userlib\net\minidev\accessors-smart\1.2\accessors-smart-1.2.jar;D:\tools\java\apache-maven-3.3.9\userlib\org\ow2\asm\asm\5.0.4\asm-5.0.4.jar;D:\tools\java\apache-maven-3.3.9\userlib\junit\junit\4.12\junit-4.12.jar;D:\tools\java\apache-maven-3.3.9\userlib\org\assertj\assertj-core\3.9.1\assertj-core-3.9.1.jar;D:\tools\java\apache-maven-3.3.9\userlib\org\mockito\mockito-core\2.15.0\mockito-core-2.15.0.jar;D:\tools\java\apache-maven-3.3.9\userlib\net\bytebuddy\byte-buddy\1.7.11\byte-buddy-1.7.11.jar;D:\tools\java\apache-maven-3.3.9\userlib\net\bytebuddy\byte-buddy-agent\1.7.11\byte-buddy-agent-1.7.11.jar;D:\tools\java\apache-maven-3.3.9\userlib\org\objenesis\objenesis\2.6\objenesis-2.6.jar;D:\tools\java\apache-maven-3.3.9\userlib\org\hamcrest\hamcrest-core\1.3\hamcrest-core-1.3.jar;D:\tools\java\apache-maven-3.3.9\userlib\org\hamcrest\hamcrest-library\1.3\hamcrest-library-1.3.jar;D:\tools\java\apache-maven-3.3.9\userlib\org\skyscreamer\jsonassert\1.5.0\jsonassert-1.5.0.jar;D:\tools\java\apache-maven-3.3.9\userlib\org\springframework\spring-core\5.0.10.RELEASE\spring-core-5.0.10.RELEASE.jar;D:\tools\java\apache-maven-3.3.9\userlib\org\springframework\spring-jcl\5.0.10.RELEASE\spring-jcl-5.0.10.RELEASE.jar;D:\tools\java\apache-maven-3.3.9\userlib\org\springframework\spring-test\5.0.10.RELEASE\spring-test-5.0.10.RELEASE.jar;D:\tools\java\apache-maven-3.3.9\userlib\org\xmlunit\xmlunit-core\2.5.1\xmlunit-core-2.5.1.jar;D:\tools\java\apache-maven-3.3.9\userlib\org\projectlombok\lombok\1.18.22\lombok-1.18.22.jar;D:\tools\java\apache-maven-3.3.9\userlib\com\mysql\mysql-connector-j\8.0.32\mysql-connector-j-8.0.32.jar;D:\tools\java\apache-maven-3.3.9\userlib\com\google\protobuf\protobuf-java\3.21.9\protobuf-java-3.21.9.jar;D:\tools\java\apache-maven-3.3.9\userlib\io\springfox\springfox-swagger2\2.9.2\springfox-swagger2-2.9.2.jar;D:\tools\java\apache-maven-3.3.9\userlib\io\swagger\swagger-annotations\1.5.20\swagger-annotations-1.5.20.jar;D:\tools\java\apache-maven-3.3.9\userlib\io\swagger\swagger-models\1.5.20\swagger-models-1.5.20.jar;D:\tools\java\apache-maven-3.3.9\userlib\com\fasterxml\jackson\core\jackson-annotations\2.9.0\jackson-annotations-2.9.0.jar;D:\tools\java\apache-maven-3.3.9\userlib\io\springfox\springfox-spi\2.9.2\springfox-spi-2.9.2.jar;D:\tools\java\apache-maven-3.3.9\userlib\io\springfox\springfox-core\2.9.2\springfox-core-2.9.2.jar;D:\tools\java\apache-maven-3.3.9\userlib\io\springfox\springfox-schema\2.9.2\springfox-schema-2.9.2.jar;D:\tools\java\apache-maven-3.3.9\userlib\io\springfox\springfox-swagger-common\2.9.2\springfox-swagger-common-2.9.2.jar;D:\tools\java\apache-maven-3.3.9\userlib\io\springfox\springfox-spring-web\2.9.2\springfox-spring-web-2.9.2.jar;D:\tools\java\apache-maven-3.3.9\userlib\com\google\guava\guava\20.0\guava-20.0.jar;D:\tools\java\apache-maven-3.3.9\userlib\com\fasterxml\classmate\1.3.4\classmate-1.3.4.jar;D:\tools\java\apache-maven-3.3.9\userlib\org\slf4j\slf4j-api\1.7.25\slf4j-api-1.7.25.jar;D:\tools\java\apache-maven-3.3.9\userlib\org\springframework\plugin\spring-plugin-core\1.2.0.RELEASE\spring-plugin-core-1.2.0.RELEASE.jar;D:\tools\java\apache-maven-3.3.9\userlib\org\springframework\plugin\spring-plugin-metadata\1.2.0.RELEASE\spring-plugin-metadata-1.2.0.RELEASE.jar;D:\tools\java\apache-maven-3.3.9\userlib\org\mapstruct\mapstruct\1.2.0.Final\mapstruct-1.2.0.Final.jar;D:\tools\java\apache-maven-3.3.9\userlib\io\springfox\springfox-swagger-ui\2.9.2\springfox-swagger-ui-2.9.2.jar;D:\tools\java\apache-maven-3.3.9\userlib\net\sourceforge\htmlunit\htmlunit\2.49.1\htmlunit-2.49.1.jar;D:\tools\java\apache-maven-3.3.9\userlib\xalan\xalan\2.7.2\xalan-2.7.2.jar;D:\tools\java\apache-maven-3.3.9\userlib\xalan\serializer\2.7.2\serializer-2.7.2.jar;D:\tools\java\apache-maven-3.3.9\userlib\org\apache\commons\commons-lang3\3.7\commons-lang3-3.7.jar;D:\tools\java\apache-maven-3.3.9\userlib\org\apache\commons\commons-text\1.9\commons-text-1.9.jar;D:\tools\java\apache-maven-3.3.9\userlib\org\apache\httpcomponents\httpmime\4.5.6\httpmime-4.5.6.jar;D:\tools\java\apache-maven-3.3.9\userlib\org\apache\httpcomponents\httpclient\4.5.6\httpclient-4.5.6.jar;D:\tools\java\apache-maven-3.3.9\userlib\org\apache\httpcomponents\httpcore\4.4.10\httpcore-4.4.10.jar;D:\tools\java\apache-maven-3.3.9\userlib\commons-codec\commons-codec\1.11\commons-codec-1.11.jar;D:\tools\java\apache-maven-3.3.9\userlib\net\sourceforge\htmlunit\htmlunit-core-js\2.49.0\htmlunit-core-js-2.49.0.jar;D:\tools\java\apache-maven-3.3.9\userlib\net\sourceforge\htmlunit\neko-htmlunit\2.49.0\neko-htmlunit-2.49.0.jar;D:\tools\java\apache-maven-3.3.9\userlib\xerces\xercesImpl\2.12.0\xercesImpl-2.12.0.jar;D:\tools\java\apache-maven-3.3.9\userlib\xml-apis\xml-apis\1.4.01\xml-apis-1.4.01.jar;D:\tools\java\apache-maven-3.3.9\userlib\net\sourceforge\htmlunit\htmlunit-cssparser\1.7.0\htmlunit-cssparser-1.7.0.jar;D:\tools\java\apache-maven-3.3.9\userlib\commons-io\commons-io\2.8.0\commons-io-2.8.0.jar;D:\tools\java\apache-maven-3.3.9\userlib\commons-net\commons-net\3.8.0\commons-net-3.8.0.jar;D:\tools\java\apache-maven-3.3.9\userlib\org\brotli\dec\0.1.2\dec-0.1.2.jar;D:\tools\java\apache-maven-3.3.9\userlib\com\shapesecurity\salvation2\3.0.0\salvation2-3.0.0.jar;D:\tools\java\apache-maven-3.3.9\userlib\org\eclipse\jetty\websocket\websocket-client\9.4.12.v20180830\websocket-client-9.4.12.v20180830.jar;D:\tools\java\apache-maven-3.3.9\userlib\org\eclipse\jetty\jetty-client\9.4.12.v20180830\jetty-client-9.4.12.v20180830.jar;D:\tools\java\apache-maven-3.3.9\userlib\org\eclipse\jetty\jetty-http\9.4.12.v20180830\jetty-http-9.4.12.v20180830.jar;D:\tools\java\apache-maven-3.3.9\userlib\org\eclipse\jetty\jetty-xml\9.4.12.v20180830\jetty-xml-9.4.12.v20180830.jar;D:\tools\java\apache-maven-3.3.9\userlib\org\eclipse\jetty\jetty-util\9.4.12.v20180830\jetty-util-9.4.12.v20180830.jar;D:\tools\java\apache-maven-3.3.9\userlib\org\eclipse\jetty\jetty-io\9.4.12.v20180830\jetty-io-9.4.12.v20180830.jar;D:\tools\java\apache-maven-3.3.9\userlib\org\eclipse\jetty\websocket\websocket-common\9.4.12.v20180830\websocket-common-9.4.12.v20180830.jar;D:\tools\java\apache-maven-3.3.9\userlib\org\eclipse\jetty\websocket\websocket-api\9.4.12.v20180830\websocket-api-9.4.12.v20180830.jar;D:\tools\java\apache-maven-3.3.9\userlib\org\json\json\20210307\json-20210307.jar;D:\tools\java\apache-maven-3.3.9\userlib\org\springframework\boot\spring-boot-starter-jdbc\2.0.6.RELEASE\spring-boot-starter-jdbc-2.0.6.RELEASE.jar;D:\tools\java\apache-maven-3.3.9\userlib\com\zaxxer\HikariCP\2.7.9\HikariCP-2.7.9.jar;D:\tools\java\apache-maven-3.3.9\userlib\org\springframework\spring-jdbc\5.0.10.RELEASE\spring-jdbc-5.0.10.RELEASE.jar;D:\tools\java\apache-maven-3.3.9\userlib\org\springframework\spring-tx\5.0.10.RELEASE\spring-tx-5.0.10.RELEASE.jar;D:\tools\java\apache-maven-3.3.9\userlib\com\baomidou\mybatis-plus-boot-starter\3.5.1\mybatis-plus-boot-starter-3.5.1.jar;D:\tools\java\apache-maven-3.3.9\userlib\com\baomidou\mybatis-plus\3.5.1\mybatis-plus-3.5.1.jar;D:\tools\java\apache-maven-3.3.9\userlib\com\baomidou\mybatis-plus-extension\3.5.1\mybatis-plus-extension-3.5.1.jar;D:\tools\java\apache-maven-3.3.9\userlib\com\baomidou\mybatis-plus-core\3.5.1\mybatis-plus-core-3.5.1.jar;D:\tools\java\apache-maven-3.3.9\userlib\com\baomidou\mybatis-plus-annotation\3.5.1\mybatis-plus-annotation-3.5.1.jar;D:\tools\java\apache-maven-3.3.9\userlib\com\github\jsqlparser\jsqlparser\4.3\jsqlparser-4.3.jar;D:\tools\java\apache-maven-3.3.9\userlib\org\mybatis\mybatis\3.5.9\mybatis-3.5.9.jar;D:\tools\java\apache-maven-3.3.9\userlib\org\mybatis\mybatis-spring\2.0.6\mybatis-spring-2.0.6.jar;, java.specification.name=Java Platform API Specification, java.class.version=52.0, sun.management.compiler=HotSpot 64-Bit Tiered Compilers, os.version=10.0, idea.version2019.3.2=true, user.home=C:\Users\sd, user.timezone=Asia/Shanghai, java.awt.printerjob=sun.awt.windows.WPrinterJob, file.encoding=GBK, java.specification.version=1.8, java.class.path=D:\tools\!!!Spring boot\zhidian\VL\target\test-classes;D:\tools\!!!Spring boot\zhidian\VL\target\classes;D:\tools\java\apache-maven-3.3.9\userlib\org\springframework\boot\spring-boot-starter-web\2.0.6.RELEASE\spring-boot-starter-web-2.0.6.RELEASE.jar;D:\tools\java\apache-maven-3.3.9\userlib\org\springframework\boot\spring-boot-starter\2.0.6.RELEASE\spring-boot-starter-2.0.6.RELEASE.jar;D:\tools\java\apache-maven-3.3.9\userlib\org\springframework\boot\spring-boot-starter-logging\2.0.6.RELEASE\spring-boot-starter-logging-2.0.6.RELEASE.jar;D:\tools\java\apache-maven-3.3.9\userlib\ch\qos\logback\logback-classic\1.2.3\logback-classic-1.2.3.jar;D:\tools\java\apache-maven-3.3.9\userlib\ch\qos\logback\logback-core\1.2.3\logback-core-1.2.3.jar;D:\tools\java\apache-maven-3.3.9\userlib\org\apache\logging\log4j\log4j-to-slf4j\2.10.0\log4j-to-slf4j-2.10.0.jar;D:\tools\java\apache-maven-3.3.9\userlib\org\apache\logging\log4j\log4j-api\2.10.0\log4j-api-2.10.0.jar;D:\tools\java\apache-maven-3.3.9\userlib\org\slf4j\jul-to-slf4j\1.7.25\jul-to-slf4j-1.7.25.jar;D:\tools\java\apache-maven-3.3.9\userlib\javax\annotation\javax.annotation-api\1.3.2\javax.annotation-api-1.3.2.jar;D:\tools\java\apache-maven-3.3.9\userlib\org\yaml\snakeyaml\1.19\snakeyaml-1.19.jar;D:\tools\java\apache-maven-3.3.9\userlib\org\springframework\boot\spring-boot-starter-json\2.0.6.RELEASE\spring-boot-starter-json-2.0.6.RELEASE.jar;D:\tools\java\apache-maven-3.3.9\userlib\com\fasterxml\jackson\core\jackson-databind\2.9.7\jackson-databind-2.9.7.jar;D:\tools\java\apache-maven-3.3.9\userlib\com\fasterxml\jackson\core\jackson-core\2.9.7\jackson-core-2.9.7.jar;D:\tools\java\apache-maven-3.3.9\userlib\com\fasterxml\jackson\datatype\jackson-datatype-jdk8\2.9.7\jackson-datatype-jdk8-2.9.7.jar;D:\tools\java\apache-maven-3.3.9\userlib\com\fasterxml\jackson\datatype\jackson-datatype-jsr310\2.9.7\jackson-datatype-jsr310-2.9.7.jar;D:\tools\java\apache-maven-3.3.9\userlib\com\fasterxml\jackson\module\jackson-module-parameter-names\2.9.7\jackson-module-parameter-names-2.9.7.jar;D:\tools\java\apache-maven-3.3.9\userlib\org\springframework\boot\spring-boot-starter-tomcat\2.0.6.RELEASE\spring-boot-starter-tomcat-2.0.6.RELEASE.jar;D:\tools\java\apache-maven-3.3.9\userlib\org\apache\tomcat\embed\tomcat-embed-core\8.5.34\tomcat-embed-core-8.5.34.jar;D:\tools\java\apache-maven-3.3.9\userlib\org\apache\tomcat\embed\tomcat-embed-el\8.5.34\tomcat-embed-el-8.5.34.jar;D:\tools\java\apache-maven-3.3.9\userlib\org\apache\tomcat\embed\tomcat-embed-websocket\8.5.34\tomcat-embed-websocket-8.5.34.jar;D:\tools\java\apache-maven-3.3.9\userlib\org\hibernate\validator\hibernate-validator\6.0.13.Final\hibernate-validator-6.0.13.Final.jar;D:\tools\java\apache-maven-3.3.9\userlib\javax\validation\validation-api\2.0.1.Final\validation-api-2.0.1.Final.jar;D:\tools\java\apache-maven-3.3.9\userlib\org\jboss\logging\jboss-logging\3.3.2.Final\jboss-logging-3.3.2.Final.jar;D:\tools\java\apache-maven-3.3.9\userlib\org\springframework\spring-web\5.0.10.RELEASE\spring-web-5.0.10.RELEASE.jar;D:\tools\java\apache-maven-3.3.9\userlib\org\springframework\spring-beans\5.0.10.RELEASE\spring-beans-5.0.10.RELEASE.jar;D:\tools\java\apache-maven-3.3.9\userlib\org\springframework\spring-webmvc\5.0.10.RELEASE\spring-webmvc-5.0.10.RELEASE.jar;D:\tools\java\apache-maven-3.3.9\userlib\org\springframework\spring-aop\5.0.10.RELEASE\spring-aop-5.0.10.RELEASE.jar;D:\tools\java\apache-maven-3.3.9\userlib\org\springframework\spring-expression\5.0.10.RELEASE\spring-expression-5.0.10.RELEASE.jar;D:\tools\java\apache-maven-3.3.9\userlib\org\springframework\boot\spring-boot-starter-mail\2.0.6.RELEASE\spring-boot-starter-mail-2.0.6.RELEASE.jar;D:\tools\java\apache-maven-3.3.9\userlib\org\springframework\spring-context\5.0.10.RELEASE\spring-context-5.0.10.RELEASE.jar;D:\tools\java\apache-maven-3.3.9\userlib\org\springframework\spring-context-support\5.0.10.RELEASE\spring-context-support-5.0.10.RELEASE.jar;D:\tools\java\apache-maven-3.3.9\userlib\com\sun\mail\javax.mail\1.6.2\javax.mail-1.6.2.jar;D:\tools\java\apache-maven-3.3.9\userlib\javax\activation\activation\1.1\activation-1.1.jar;D:\tools\java\apache-maven-3.3.9\userlib\de\codecentric\spring-boot-admin-starter-server\2.0.2\spring-boot-admin-starter-server-2.0.2.jar;D:\tools\java\apache-maven-3.3.9\userlib\de\codecentric\spring-boot-admin-server\2.0.2\spring-boot-admin-server-2.0.2.jar;D:\tools\java\apache-maven-3.3.9\userlib\org\springframework\boot\spring-boot-starter-webflux\2.0.6.RELEASE\spring-boot-starter-webflux-2.0.6.RELEASE.jar;D:\tools\java\apache-maven-3.3.9\userlib\org\springframework\boot\spring-boot-starter-reactor-netty\2.0.6.RELEASE\spring-boot-starter-reactor-netty-2.0.6.RELEASE.jar;D:\tools\java\apache-maven-3.3.9\userlib\io\projectreactor\ipc\reactor-netty\0.7.10.RELEASE\reactor-netty-0.7.10.RELEASE.jar;D:\tools\java\apache-maven-3.3.9\userlib\io\netty\netty-codec-http\4.1.29.Final\netty-codec-http-4.1.29.Final.jar;D:\tools\java\apache-maven-3.3.9\userlib\io\netty\netty-codec\4.1.29.Final\netty-codec-4.1.29.Final.jar;D:\tools\java\apache-maven-3.3.9\userlib\io\netty\netty-handler\4.1.29.Final\netty-handler-4.1.29.Final.jar;D:\tools\java\apache-maven-3.3.9\userlib\io\netty\netty-buffer\4.1.29.Final\netty-buffer-4.1.29.Final.jar;D:\tools\java\apache-maven-3.3.9\userlib\io\netty\netty-transport\4.1.29.Final\netty-transport-4.1.29.Final.jar;D:\tools\java\apache-maven-3.3.9\userlib\io\netty\netty-resolver\4.1.29.Final\netty-resolver-4.1.29.Final.jar;D:\tools\java\apache-maven-3.3.9\userlib\io\netty\netty-handler-proxy\4.1.29.Final\netty-handler-proxy-4.1.29.Final.jar;D:\tools\java\apache-maven-3.3.9\userlib\io\netty\netty-codec-socks\4.1.29.Final\netty-codec-socks-4.1.29.Final.jar;D:\tools\java\apache-maven-3.3.9\userlib\io\netty\netty-transport-native-epoll\4.1.29.Final\netty-transport-native-epoll-4.1.29.Final-linux-x86_64.jar;D:\tools\java\apache-maven-3.3.9\userlib\io\netty\netty-common\4.1.29.Final\netty-common-4.1.29.Final.jar;D:\tools\java\apache-maven-3.3.9\userlib\io\netty\netty-transport-native-unix-common\4.1.29.Final\netty-transport-native-unix-common-4.1.29.Final.jar;D:\tools\java\apache-maven-3.3.9\userlib\org\springframework\spring-webflux\5.0.10.RELEASE\spring-webflux-5.0.10.RELEASE.jar;D:\tools\java\apache-maven-3.3.9\userlib\org\synchronoss\cloud\nio-multipart-parser\1.1.0\nio-multipart-parser-1.1.0.jar;D:\tools\java\apache-maven-3.3.9\userlib\org\synchronoss\cloud\nio-stream-storage\1.1.3\nio-stream-storage-1.1.3.jar;D:\tools\java\apache-maven-3.3.9\userlib\org\springframework\boot\spring-boot-starter-thymeleaf\2.0.6.RELEASE\spring-boot-starter-thymeleaf-2.0.6.RELEASE.jar;D:\tools\java\apache-maven-3.3.9\userlib\org\thymeleaf\thymeleaf-spring5\3.0.10.RELEASE\thymeleaf-spring5-3.0.10.RELEASE.jar;D:\tools\java\apache-maven-3.3.9\userlib\org\thymeleaf\thymeleaf\3.0.10.RELEASE\thymeleaf-3.0.10.RELEASE.jar;D:\tools\java\apache-maven-3.3.9\userlib\org\attoparser\attoparser\2.0.5.RELEASE\attoparser-2.0.5.RELEASE.jar;D:\tools\java\apache-maven-3.3.9\userlib\org\unbescape\unbescape\1.1.6.RELEASE\unbescape-1.1.6.RELEASE.jar;D:\tools\java\apache-maven-3.3.9\userlib\org\thymeleaf\extras\thymeleaf-extras-java8time\3.0.1.RELEASE\thymeleaf-extras-java8time-3.0.1.RELEASE.jar;D:\tools\java\apache-maven-3.3.9\userlib\org\springframework\boot\spring-boot-starter-actuator\2.0.6.RELEASE\spring-boot-starter-actuator-2.0.6.RELEASE.jar;D:\tools\java\apache-maven-3.3.9\userlib\org\springframework\boot\spring-boot-actuator-autoconfigure\2.0.6.RELEASE\spring-boot-actuator-autoconfigure-2.0.6.RELEASE.jar;D:\tools\java\apache-maven-3.3.9\userlib\org\springframework\boot\spring-boot-actuator\2.0.6.RELEASE\spring-boot-actuator-2.0.6.RELEASE.jar;D:\tools\java\apache-maven-3.3.9\userlib\io\micrometer\micrometer-core\1.0.7\micrometer-core-1.0.7.jar;D:\tools\java\apache-maven-3.3.9\userlib\org\hdrhistogram\HdrHistogram\2.1.10\HdrHistogram-2.1.10.jar;D:\tools\java\apache-maven-3.3.9\userlib\org\latencyutils\LatencyUtils\2.0.3\LatencyUtils-2.0.3.jar;D:\tools\java\apache-maven-3.3.9\userlib\io\projectreactor\addons\reactor-extra\3.1.7.RELEASE\reactor-extra-3.1.7.RELEASE.jar;D:\tools\java\apache-maven-3.3.9\userlib\io\projectreactor\reactor-core\3.1.10.RELEASE\reactor-core-3.1.10.RELEASE.jar;D:\tools\java\apache-maven-3.3.9\userlib\org\reactivestreams\reactive-streams\1.0.2\reactive-streams-1.0.2.jar;D:\tools\java\apache-maven-3.3.9\userlib\de\codecentric\spring-boot-admin-server-ui\2.0.2\spring-boot-admin-server-ui-2.0.2.jar;D:\tools\java\apache-maven-3.3.9\userlib\de\codecentric\spring-boot-admin-server-cloud\2.0.2\spring-boot-admin-server-cloud-2.0.2.jar;D:\tools\java\apache-maven-3.3.9\userlib\org\springframework\boot\spring-boot-configuration-processor\2.0.6.RELEASE\spring-boot-configuration-processor-2.0.6.RELEASE.jar;D:\tools\java\apache-maven-3.3.9\userlib\org\springframework\boot\spring-boot-devtools\2.0.6.RELEASE\spring-boot-devtools-2.0.6.RELEASE.jar;D:\tools\java\apache-maven-3.3.9\userlib\org\springframework\boot\spring-boot\2.0.6.RELEASE\spring-boot-2.0.6.RELEASE.jar;D:\tools\java\apache-maven-3.3.9\userlib\org\springframework\boot\spring-boot-autoconfigure\2.0.6.RELEASE\spring-boot-autoconfigure-2.0.6.RELEASE.jar;D:\tools\java\apache-maven-3.3.9\userlib\org\springframework\boot\spring-boot-starter-test\2.0.6.RELEASE\spring-boot-starter-test-2.0.6.RELEASE.jar;D:\tools\java\apache-maven-3.3.9\userlib\org\springframework\boot\spring-boot-test\2.0.6.RELEASE\spring-boot-test-2.0.6.RELEASE.jar;D:\tools\java\apache-maven-3.3.9\userlib\org\springframework\boot\spring-boot-test-autoconfigure\2.0.6.RELEASE\spring-boot-test-autoconfigure-2.0.6.RELEASE.jar;D:\tools\java\apache-maven-3.3.9\userlib\com\jayway\jsonpath\json-path\2.4.0\json-path-2.4.0.jar;D:\tools\java\apache-maven-3.3.9\userlib\net\minidev\json-smart\2.3\json-smart-2.3.jar;D:\tools\java\apache-maven-3.3.9\userlib\net\minidev\accessors-smart\1.2\accessors-smart-1.2.jar;D:\tools\java\apache-maven-3.3.9\userlib\org\ow2\asm\asm\5.0.4\asm-5.0.4.jar;D:\tools\java\apache-maven-3.3.9\userlib\junit\junit\4.12\junit-4.12.jar;D:\tools\java\apache-maven-3.3.9\userlib\org\assertj\assertj-core\3.9.1\assertj-core-3.9.1.jar;D:\tools\java\apache-maven-3.3.9\userlib\org\mockito\mockito-core\2.15.0\mockito-core-2.15.0.jar;D:\tools\java\apache-maven-3.3.9\userlib\net\bytebuddy\byte-buddy\1.7.11\byte-buddy-1.7.11.jar;D:\tools\java\apache-maven-3.3.9\userlib\net\bytebuddy\byte-buddy-agent\1.7.11\byte-buddy-agent-1.7.11.jar;D:\tools\java\apache-maven-3.3.9\userlib\org\objenesis\objenesis\2.6\objenesis-2.6.jar;D:\tools\java\apache-maven-3.3.9\userlib\org\hamcrest\hamcrest-core\1.3\hamcrest-core-1.3.jar;D:\tools\java\apache-maven-3.3.9\userlib\org\hamcrest\hamcrest-library\1.3\hamcrest-library-1.3.jar;D:\tools\java\apache-maven-3.3.9\userlib\org\skyscreamer\jsonassert\1.5.0\jsonassert-1.5.0.jar;D:\tools\java\apache-maven-3.3.9\userlib\org\springframework\spring-core\5.0.10.RELEASE\spring-core-5.0.10.RELEASE.jar;D:\tools\java\apache-maven-3.3.9\userlib\org\springframework\spring-jcl\5.0.10.RELEASE\spring-jcl-5.0.10.RELEASE.jar;D:\tools\java\apache-maven-3.3.9\userlib\org\springframework\spring-test\5.0.10.RELEASE\spring-test-5.0.10.RELEASE.jar;D:\tools\java\apache-maven-3.3.9\userlib\org\xmlunit\xmlunit-core\2.5.1\xmlunit-core-2.5.1.jar;D:\tools\java\apache-maven-3.3.9\userlib\org\projectlombok\lombok\1.18.22\lombok-1.18.22.jar;D:\tools\java\apache-maven-3.3.9\userlib\com\mysql\mysql-connector-j\8.0.32\mysql-connector-j-8.0.32.jar;D:\tools\java\apache-maven-3.3.9\userlib\com\google\protobuf\protobuf-java\3.21.9\protobuf-java-3.21.9.jar;D:\tools\java\apache-maven-3.3.9\userlib\io\springfox\springfox-swagger2\2.9.2\springfox-swagger2-2.9.2.jar;D:\tools\java\apache-maven-3.3.9\userlib\io\swagger\swagger-annotations\1.5.20\swagger-annotations-1.5.20.jar;D:\tools\java\apache-maven-3.3.9\userlib\io\swagger\swagger-models\1.5.20\swagger-models-1.5.20.jar;D:\tools\java\apache-maven-3.3.9\userlib\com\fasterxml\jackson\core\jackson-annotations\2.9.0\jackson-annotations-2.9.0.jar;D:\tools\java\apache-maven-3.3.9\userlib\io\springfox\springfox-spi\2.9.2\springfox-spi-2.9.2.jar;D:\tools\java\apache-maven-3.3.9\userlib\io\springfox\springfox-core\2.9.2\springfox-core-2.9.2.jar;D:\tools\java\apache-maven-3.3.9\userlib\io\springfox\springfox-schema\2.9.2\springfox-schema-2.9.2.jar;D:\tools\java\apache-maven-3.3.9\userlib\io\springfox\springfox-swagger-common\2.9.2\springfox-swagger-common-2.9.2.jar;D:\tools\java\apache-maven-3.3.9\userlib\io\springfox\springfox-spring-web\2.9.2\springfox-spring-web-2.9.2.jar;D:\tools\java\apache-maven-3.3.9\userlib\com\google\guava\guava\20.0\guava-20.0.jar;D:\tools\java\apache-maven-3.3.9\userlib\com\fasterxml\classmate\1.3.4\classmate-1.3.4.jar;D:\tools\java\apache-maven-3.3.9\userlib\org\slf4j\slf4j-api\1.7.25\slf4j-api-1.7.25.jar;D:\tools\java\apache-maven-3.3.9\userlib\org\springframework\plugin\spring-plugin-core\1.2.0.RELEASE\spring-plugin-core-1.2.0.RELEASE.jar;D:\tools\java\apache-maven-3.3.9\userlib\org\springframework\plugin\spring-plugin-metadata\1.2.0.RELEASE\spring-plugin-metadata-1.2.0.RELEASE.jar;D:\tools\java\apache-maven-3.3.9\userlib\org\mapstruct\mapstruct\1.2.0.Final\mapstruct-1.2.0.Final.jar;D:\tools\java\apache-maven-3.3.9\userlib\io\springfox\springfox-swagger-ui\2.9.2\springfox-swagger-ui-2.9.2.jar;D:\tools\java\apache-maven-3.3.9\userlib\net\sourceforge\htmlunit\htmlunit\2.49.1\htmlunit-2.49.1.jar;D:\tools\java\apache-maven-3.3.9\userlib\xalan\xalan\2.7.2\xalan-2.7.2.jar;D:\tools\java\apache-maven-3.3.9\userlib\xalan\serializer\2.7.2\serializer-2.7.2.jar;D:\tools\java\apache-maven-3.3.9\userlib\org\apache\commons\commons-lang3\3.7\commons-lang3-3.7.jar;D:\tools\java\apache-maven-3.3.9\userlib\org\apache\commons\commons-text\1.9\commons-text-1.9.jar;D:\tools\java\apache-maven-3.3.9\userlib\org\apache\httpcomponents\httpmime\4.5.6\httpmime-4.5.6.jar;D:\tools\java\apache-maven-3.3.9\userlib\org\apache\httpcomponents\httpclient\4.5.6\httpclient-4.5.6.jar;D:\tools\java\apache-maven-3.3.9\userlib\org\apache\httpcomponents\httpcore\4.4.10\httpcore-4.4.10.jar;D:\tools\java\apache-maven-3.3.9\userlib\commons-codec\commons-codec\1.11\commons-codec-1.11.jar;D:\tools\java\apache-maven-3.3.9\userlib\net\sourceforge\htmlunit\htmlunit-core-js\2.49.0\htmlunit-core-js-2.49.0.jar;D:\tools\java\apache-maven-3.3.9\userlib\net\sourceforge\htmlunit\neko-htmlunit\2.49.0\neko-htmlunit-2.49.0.jar;D:\tools\java\apache-maven-3.3.9\userlib\xerces\xercesImpl\2.12.0\xercesImpl-2.12.0.jar;D:\tools\java\apache-maven-3.3.9\userlib\xml-apis\xml-apis\1.4.01\xml-apis-1.4.01.jar;D:\tools\java\apache-maven-3.3.9\userlib\net\sourceforge\htmlunit\htmlunit-cssparser\1.7.0\htmlunit-cssparser-1.7.0.jar;D:\tools\java\apache-maven-3.3.9\userlib\commons-io\commons-io\2.8.0\commons-io-2.8.0.jar;D:\tools\java\apache-maven-3.3.9\userlib\commons-net\commons-net\3.8.0\commons-net-3.8.0.jar;D:\tools\java\apache-maven-3.3.9\userlib\org\brotli\dec\0.1.2\dec-0.1.2.jar;D:\tools\java\apache-maven-3.3.9\userlib\com\shapesecurity\salvation2\3.0.0\salvation2-3.0.0.jar;D:\tools\java\apache-maven-3.3.9\userlib\org\eclipse\jetty\websocket\websocket-client\9.4.12.v20180830\websocket-client-9.4.12.v20180830.jar;D:\tools\java\apache-maven-3.3.9\userlib\org\eclipse\jetty\jetty-client\9.4.12.v20180830\jetty-client-9.4.12.v20180830.jar;D:\tools\java\apache-maven-3.3.9\userlib\org\eclipse\jetty\jetty-http\9.4.12.v20180830\jetty-http-9.4.12.v20180830.jar;D:\tools\java\apache-maven-3.3.9\userlib\org\eclipse\jetty\jetty-xml\9.4.12.v20180830\jetty-xml-9.4.12.v20180830.jar;D:\tools\java\apache-maven-3.3.9\userlib\org\eclipse\jetty\jetty-util\9.4.12.v20180830\jetty-util-9.4.12.v20180830.jar;D:\tools\java\apache-maven-3.3.9\userlib\org\eclipse\jetty\jetty-io\9.4.12.v20180830\jetty-io-9.4.12.v20180830.jar;D:\tools\java\apache-maven-3.3.9\userlib\org\eclipse\jetty\websocket\websocket-common\9.4.12.v20180830\websocket-common-9.4.12.v20180830.jar;D:\tools\java\apache-maven-3.3.9\userlib\org\eclipse\jetty\websocket\websocket-api\9.4.12.v20180830\websocket-api-9.4.12.v20180830.jar;D:\tools\java\apache-maven-3.3.9\userlib\org\json\json\20210307\json-20210307.jar;D:\tools\java\apache-maven-3.3.9\userlib\org\springframework\boot\spring-boot-starter-jdbc\2.0.6.RELEASE\spring-boot-starter-jdbc-2.0.6.RELEASE.jar;D:\tools\java\apache-maven-3.3.9\userlib\com\zaxxer\HikariCP\2.7.9\HikariCP-2.7.9.jar;D:\tools\java\apache-maven-3.3.9\userlib\org\springframework\spring-jdbc\5.0.10.RELEASE\spring-jdbc-5.0.10.RELEASE.jar;D:\tools\java\apache-maven-3.3.9\userlib\org\springframework\spring-tx\5.0.10.RELEASE\spring-tx-5.0.10.RELEASE.jar;D:\tools\java\apache-maven-3.3.9\userlib\com\baomidou\mybatis-plus-boot-starter\3.5.1\mybatis-plus-boot-starter-3.5.1.jar;D:\tools\java\apache-maven-3.3.9\userlib\com\baomidou\mybatis-plus\3.5.1\mybatis-plus-3.5.1.jar;D:\tools\java\apache-maven-3.3.9\userlib\com\baomidou\mybatis-plus-extension\3.5.1\mybatis-plus-extension-3.5.1.jar;D:\tools\java\apache-maven-3.3.9\userlib\com\baomidou\mybatis-plus-core\3.5.1\mybatis-plus-core-3.5.1.jar;D:\tools\java\apache-maven-3.3.9\userlib\com\baomidou\mybatis-plus-annotation\3.5.1\mybatis-plus-annotation-3.5.1.jar;D:\tools\java\apache-maven-3.3.9\userlib\com\github\jsqlparser\jsqlparser\4.3\jsqlparser-4.3.jar;D:\tools\java\apache-maven-3.3.9\userlib\org\mybatis\mybatis\3.5.9\mybatis-3.5.9.jar;D:\tools\java\apache-maven-3.3.9\userlib\org\mybatis\mybatis-spring\2.0.6\mybatis-spring-2.0.6.jar;, user.name=sd, java.vm.specification.version=1.8, sun.java.command=C:\Users\sd\AppData\Local\Temp\surefire6774464419610085383\surefirebooter9212784774380841474.jar C:\Users\sd\AppData\Local\Temp\surefire6774464419610085383 2023-02-10T15-11-32_275-jvmRun1 surefire5441521403399216261tmp surefire_01300709223329269705tmp, java.home=D:\tools\java\jdk\jre, sun.arch.data.model=64, user.language=zh, java.specification.vendor=Oracle Corporation, awt.toolkit=sun.awt.windows.WToolkit, java.vm.info=mixed mode, java.version=1.8.0_212, java.ext.dirs=D:\tools\java\jdk\jre\lib\ext;C:\Windows\Sun\Java\lib\ext, sun.boot.class.path=D:\tools\java\jdk\jre\lib\resources.jar;D:\tools\java\jdk\jre\lib\rt.jar;D:\tools\java\jdk\jre\lib\sunrsasign.jar;D:\tools\java\jdk\jre\lib\jsse.jar;D:\tools\java\jdk\jre\lib\jce.jar;D:\tools\java\jdk\jre\lib\charsets.jar;D:\tools\java\jdk\jre\lib\jfr.jar;D:\tools\java\jdk\jre\classes, java.vendor=Oracle Corporation, localRepository=D:\tools\java\apache-maven-3.3.9\userlib, file.separator=\, java.vendor.url.bug=http://bugreport.sun.com/bugreport/, sun.io.unicode.encoding=UnicodeLittle, sun.cpu.endian=little, sun.desktop=windows, sun.cpu.isalist=amd64}}, SystemEnvironmentPropertySource@1742920067 {name='systemEnvironment', properties={PATH=C:\Program Files (x86)\Common Files\Oracle\Java\javapath;C:\Windows\system32;C:\Windows;C:\Windows\System32\Wbem;C:\Windows\System32\WindowsPowerShell\v1.0\;C:\Windows\System32\OpenSSH\;C:\Program Files (x86)\NVIDIA Corporation\PhysX\Common;C:\Program Files\NVIDIA Corporation\NVIDIA NvDLISR;D:\tools\Git\cmd;D:\tools\java\jdk\bin;D:\tools\java\apache-maven-3.3.9\bin;D:\tools\mongodb;D:\tools\erl\bin;D:\tools\rabbitmq\sbin;C:\Program Files\dotnet\;D:\tools\Git\mingw64\bin;D:\tools\Git\bin;D:\tools\Git\mingw64\libexec\git-core;D:\tools\mysql\bin;C:\Users\sd\AppData\Local\Microsoft\WindowsApps;D:\tools\MinGW\mingw64\bin;D:\tools\mongodb;\bin;D:\tools\erl\bin;C:\Users\sd\.dotnet\tools;D:\tools\PyCharm\bin;, USERDOMAIN_ROAMINGPROFILE=LAPTOP-C6CJ0OLQ, PROCESSOR_LEVEL=23, SYSTEMDRIVE=C:, QMF_SOCKET_PATH=nvg-qmf-server, VTK_DIR=D:\tools\VTK\bin, SESSIONNAME=Console, ALLUSERSPROFILE=C:\ProgramData, PROCESSOR_ARCHITECTURE=AMD64, NVIDIAWHITELISTED=0x01, DRIVERDATA=C:\Windows\System32\Drivers\DriverData, RABBITQM_SERVER=D:\tools\rabbitmq, KMP_DUPLICATE_LIB_OK=TRUE, PROGRAMFILES=C:\Program Files, PSMODULEPATH=C:\Program Files\WindowsPowerShell\Modules;C:\Windows\system32\WindowsPowerShell\v1.0\Modules, PROGRAMDATA=C:\ProgramData, USERNAME=sd, GAMETURBO=C:\Program Files (x86)\ASUS\GameFirst\, ONEDRIVE=C:\Users\sd\OneDrive, PATHEXT=.COM;.EXE;.BAT;.CMD;.VBS;.VBE;.JS;.JSE;.WSF;.WSH;.MSC, ACSETUPSVCPORT=23210, ONEDRIVECONSUMER=C:\Users\sd\OneDrive, SHIM_MCCOMPAT=0x810000001, WINDIR=C:\Windows, HOMEPATH=\Users\sd, PROCESSOR_IDENTIFIER=AMD64 Family 23 Model 96 Stepping 1, AuthenticAMD, M2_HOME=D:\tools\java\apache-maven-3.3.9, PUBLIC=C:\Users\Public, MONGO_HOME=D:\tools\mongodb;, PYCHARM COMMUNITY EDITION=D:\tools\PyCharm\bin;, LOCALAPPDATA=C:\Users\sd\AppData\Local, COMMONPROGRAMFILES(X86)=C:\Program Files (x86)\Common Files, USERDOMAIN=LAPTOP-C6CJ0OLQ, LOGONSERVER=\\LAPTOP-C6CJ0OLQ, JAVA_HOME=D:\tools\java\jdk, PROMPT=$P$G, PROGRAMFILES(X86)=C:\Program Files (x86), ERLANG_HOME=D:\tools\erl, =C:=C:\, APPDATA=C:\Users\sd\AppData\Roaming, ACSVCPORT=17532, PROGRAMW6432=C:\Program Files, SYSTEMROOT=C:\Windows, RLSSVCPORT=22112, MKL_SERIAL=YES, OS=Windows_NT, COMMONPROGRAMW6432=C:\Program Files\Common Files, COMPUTERNAME=LAPTOP-C6CJ0OLQ, COMMONPROGRAMFILES=C:\Program Files\Common Files, COMSPEC=C:\Windows\system32\cmd.exe, PROCESSOR_REVISION=6001, CLASSPATH=D:\tools\java\jdk\lib, =D:=D:\tools\!!!Spring boot\zhidian\VL, GAMEFIRSTUSERPATH=C:\ProgramData\ASUS\GameFirst, TEMP=C:\Users\sd\AppData\Local\Temp, HOMEDRIVE=C:, USERPROFILE=C:\Users\sd, TMP=C:\Users\sd\AppData\Local\Temp, QT_MULTIMEDIA_PREFERRED_PLUGINS=windowsmediafoundation, NUMBER_OF_PROCESSORS=16, IDEA_INITIAL_DIRECTORY=D:\Links}}]
15:11:33.865 [main] DEBUG org.springframework.core.io.support.PathMatchingResourcePatternResolver - Resolved classpath location [com/bupt/zhidian/] to resources [URL [file:/D:/tools/!!!Spring%20boot/zhidian/VL/target/test-classes/com/bupt/zhidian/], URL [file:/D:/tools/!!!Spring%20boot/zhidian/VL/target/classes/com/bupt/zhidian/]]
15:11:33.865 [main] DEBUG org.springframework.core.io.support.PathMatchingResourcePatternResolver - Looking for matching resources in directory tree [D:\tools\!!!Spring boot\zhidian\VL\target\test-classes\com\bupt\zhidian]
15:11:33.865 [main] DEBUG org.springframework.core.io.support.PathMatchingResourcePatternResolver - Searching directory [D:\tools\!!!Spring boot\zhidian\VL\target\test-classes\com\bupt\zhidian] for files matching pattern [D:/tools/!!!Spring boot/zhidian/VL/target/test-classes/com/bupt/zhidian/*.class]
15:11:33.868 [main] DEBUG org.springframework.core.io.support.PathMatchingResourcePatternResolver - Looking for matching resources in directory tree [D:\tools\!!!Spring boot\zhidian\VL\target\classes\com\bupt\zhidian]
15:11:33.868 [main] DEBUG org.springframework.core.io.support.PathMatchingResourcePatternResolver - Searching directory [D:\tools\!!!Spring boot\zhidian\VL\target\classes\com\bupt\zhidian] for files matching pattern [D:/tools/!!!Spring boot/zhidian/VL/target/classes/com/bupt/zhidian/*.class]
15:11:33.869 [main] DEBUG org.springframework.core.io.support.PathMatchingResourcePatternResolver - Resolved location pattern [classpath*:com/bupt/zhidian/*.class] to resources [file [D:\tools\!!!Spring boot\zhidian\VL\target\test-classes\com\bupt\zhidian\VLTest.class], file [D:\tools\!!!Spring boot\zhidian\VL\target\classes\com\bupt\zhidian\VL.class]]
15:11:33.919 [main] DEBUG org.springframework.context.annotation.ClassPathScanningCandidateComponentProvider - Identified candidate component class: file [D:\tools\!!!Spring boot\zhidian\VL\target\classes\com\bupt\zhidian\VL.class]
15:11:33.920 [main] INFO org.springframework.boot.test.context.SpringBootTestContextBootstrapper - Found @SpringBootConfiguration com.bupt.zhidian.VL for test class com.bupt.zhidian.VLTest
15:11:34.033 [main] DEBUG org.springframework.boot.test.context.SpringBootTestContextBootstrapper - @TestExecutionListeners is not present for class [com.bupt.zhidian.VLTest]: using defaults.
15:11:34.033 [main] INFO org.springframework.boot.test.context.SpringBootTestContextBootstrapper - Loaded default TestExecutionListener class names from location [META-INF/spring.factories]: [org.springframework.boot.test.mock.mockito.MockitoTestExecutionListener, org.springframework.boot.test.mock.mockito.ResetMocksTestExecutionListener, org.springframework.boot.test.autoconfigure.restdocs.RestDocsTestExecutionListener, org.springframework.boot.test.autoconfigure.web.client.MockRestServiceServerResetTestExecutionListener, org.springframework.boot.test.autoconfigure.web.servlet.MockMvcPrintOnlyOnFailureTestExecutionListener, org.springframework.boot.test.autoconfigure.web.servlet.WebDriverTestExecutionListener, org.springframework.test.context.web.ServletTestExecutionListener, org.springframework.test.context.support.DirtiesContextBeforeModesTestExecutionListener, org.springframework.test.context.support.DependencyInjectionTestExecutionListener, org.springframework.test.context.support.DirtiesContextTestExecutionListener, org.springframework.test.context.transaction.TransactionalTestExecutionListener, org.springframework.test.context.jdbc.SqlScriptsTestExecutionListener]
15:11:34.053 [main] INFO org.springframework.boot.test.context.SpringBootTestContextBootstrapper - Using TestExecutionListeners: [org.springframework.test.context.web.ServletTestExecutionListener@548e6d58, org.springframework.test.context.support.DirtiesContextBeforeModesTestExecutionListener@623a8092, org.springframework.boot.test.mock.mockito.MockitoTestExecutionListener@a1cdc6d, org.springframework.boot.test.autoconfigure.SpringBootDependencyInjectionTestExecutionListener@175b9425, org.springframework.test.context.support.DirtiesContextTestExecutionListener@3098cf3b, org.springframework.test.context.transaction.TransactionalTestExecutionListener@610f7aa, org.springframework.test.context.jdbc.SqlScriptsTestExecutionListener@6a03bcb1, org.springframework.boot.test.mock.mockito.ResetMocksTestExecutionListener@21b2e768, org.springframework.boot.test.autoconfigure.restdocs.RestDocsTestExecutionListener@57250572, org.springframework.boot.test.autoconfigure.web.client.MockRestServiceServerResetTestExecutionListener@5609159b, org.springframework.boot.test.autoconfigure.web.servlet.MockMvcPrintOnlyOnFailureTestExecutionListener@2118cddf, org.springframework.boot.test.autoconfigure.web.servlet.WebDriverTestExecutionListener@17a7f733]
15:11:34.055 [main] DEBUG org.springframework.test.annotation.ProfileValueUtils - Retrieved @ProfileValueSourceConfiguration [null] for test class [com.bupt.zhidian.VLTest]
15:11:34.056 [main] DEBUG org.springframework.test.annotation.ProfileValueUtils - Retrieved ProfileValueSource type [class org.springframework.test.annotation.SystemProfileValueSource] for class [com.bupt.zhidian.VLTest]
15:11:34.058 [main] DEBUG org.springframework.test.annotation.ProfileValueUtils - Retrieved @ProfileValueSourceConfiguration [null] for test class [com.bupt.zhidian.VLTest]
15:11:34.058 [main] DEBUG org.springframework.test.annotation.ProfileValueUtils - Retrieved ProfileValueSource type [class org.springframework.test.annotation.SystemProfileValueSource] for class [com.bupt.zhidian.VLTest]
15:11:34.059 [main] DEBUG org.springframework.test.annotation.ProfileValueUtils - Retrieved @ProfileValueSourceConfiguration [null] for test class [com.bupt.zhidian.VLTest]
15:11:34.059 [main] DEBUG org.springframework.test.annotation.ProfileValueUtils - Retrieved ProfileValueSource type [class org.springframework.test.annotation.SystemProfileValueSource] for class [com.bupt.zhidian.VLTest]
15:11:34.063 [main] DEBUG org.springframework.test.context.support.AbstractDirtiesContextTestExecutionListener - Before test class: context [DefaultTestContext@ba54932 testClass = VLTest, testInstance = [null], testMethod = [null], testException = [null], mergedContextConfiguration = [WebMergedContextConfiguration@28975c28 testClass = VLTest, locations = '{}', classes = '{class com.bupt.zhidian.VL}', contextInitializerClasses = '[]', activeProfiles = '{}', propertySourceLocations = '{}', propertySourceProperties = '{org.springframework.boot.test.context.SpringBootTestContextBootstrapper=true}', contextCustomizers = set[org.springframework.boot.test.context.filter.ExcludeFilterContextCustomizer@23bb8443, org.springframework.boot.test.json.DuplicateJsonObjectContextCustomizerFactory$DuplicateJsonObjectContextCustomizer@4ba2ca36, org.springframework.boot.test.mock.mockito.MockitoContextCustomizer@0, org.springframework.boot.test.web.client.TestRestTemplateContextCustomizer@1e9e725a, org.springframework.boot.test.web.reactive.server.WebTestClientContextCustomizer@19dc67c2, org.springframework.boot.test.autoconfigure.properties.PropertyMappingContextCustomizer@0, org.springframework.boot.test.autoconfigure.web.servlet.WebDriverContextCustomizerFactory$Customizer@429bd883], resourceBasePath = 'src/main/webapp', contextLoader = 'org.springframework.boot.test.context.SpringBootContextLoader', parent = [null]], attributes = map['org.springframework.test.context.web.ServletTestExecutionListener.activateListener' -> true]], class annotated with @DirtiesContext [false] with mode [null].
15:11:34.064 [main] DEBUG org.springframework.test.annotation.ProfileValueUtils - Retrieved @ProfileValueSourceConfiguration [null] for test class [com.bupt.zhidian.VLTest]
15:11:34.064 [main] DEBUG org.springframework.test.annotation.ProfileValueUtils - Retrieved ProfileValueSource type [class org.springframework.test.annotation.SystemProfileValueSource] for class [com.bupt.zhidian.VLTest]
15:11:34.087 [main] DEBUG org.springframework.core.env.StandardEnvironment - Adding PropertySource 'systemProperties' with lowest search precedence
15:11:34.088 [main] DEBUG org.springframework.core.env.StandardEnvironment - Adding PropertySource 'systemEnvironment' with lowest search precedence
15:11:34.088 [main] DEBUG org.springframework.core.env.StandardEnvironment - Initialized StandardEnvironment with PropertySources [MapPropertySource@204684384 {name='systemProperties', properties={java.runtime.name=Java(TM) SE Runtime Environment, sun.boot.library.path=D:\tools\java\jdk\jre\bin, java.vm.version=25.212-b10, java.vm.vendor=Oracle Corporation, java.vendor.url=http://java.oracle.com/, path.separator=;, java.vm.name=Java HotSpot(TM) 64-Bit Server VM, file.encoding.pkg=sun.io, user.country=CN, user.script=, sun.java.launcher=SUN_STANDARD, sun.os.patch.level=, java.vm.specification.name=Java Virtual Machine Specification, user.dir=D:\tools\!!!Spring boot\zhidian\VL, java.runtime.version=1.8.0_212-b10, basedir=D:\tools\!!!Spring boot\zhidian\VL, java.awt.graphicsenv=sun.awt.Win32GraphicsEnvironment, java.endorsed.dirs=D:\tools\java\jdk\jre\lib\endorsed, os.arch=amd64, surefire.real.class.path=C:\Users\sd\AppData\Local\Temp\surefire6774464419610085383\surefirebooter9212784774380841474.jar, java.io.tmpdir=C:\Users\sd\AppData\Local\Temp\, line.separator=
, java.vm.specification.vendor=Oracle Corporation, user.variant=, os.name=Windows 10, sun.jnu.encoding=GBK, java.library.path=D:\tools\java\jdk\jre\bin;C:\Windows\Sun\Java\bin;C:\Windows\system32;C:\Windows;C:\Program Files (x86)\Common Files\Oracle\Java\javapath;C:\Windows\system32;C:\Windows;C:\Windows\System32\Wbem;C:\Windows\System32\WindowsPowerShell\v1.0\;C:\Windows\System32\OpenSSH\;C:\Program Files (x86)\NVIDIA Corporation\PhysX\Common;C:\Program Files\NVIDIA Corporation\NVIDIA NvDLISR;D:\tools\Git\cmd;D:\tools\java\jdk\bin;D:\tools\java\apache-maven-3.3.9\bin;D:\tools\mongodb;D:\tools\erl\bin;D:\tools\rabbitmq\sbin;C:\Program Files\dotnet\;D:\tools\Git\mingw64\bin;D:\tools\Git\bin;D:\tools\Git\mingw64\libexec\git-core;D:\tools\mysql\bin;C:\Users\sd\AppData\Local\Microsoft\WindowsApps;D:\tools\MinGW\mingw64\bin;D:\tools\mongodb;\bin;D:\tools\erl\bin;C:\Users\sd\.dotnet\tools;D:\tools\PyCharm\bin;;., surefire.test.class.path=D:\tools\!!!Spring boot\zhidian\VL\target\test-classes;D:\tools\!!!Spring boot\zhidian\VL\target\classes;D:\tools\java\apache-maven-3.3.9\userlib\org\springframework\boot\spring-boot-starter-web\2.0.6.RELEASE\spring-boot-starter-web-2.0.6.RELEASE.jar;D:\tools\java\apache-maven-3.3.9\userlib\org\springframework\boot\spring-boot-starter\2.0.6.RELEASE\spring-boot-starter-2.0.6.RELEASE.jar;D:\tools\java\apache-maven-3.3.9\userlib\org\springframework\boot\spring-boot-starter-logging\2.0.6.RELEASE\spring-boot-starter-logging-2.0.6.RELEASE.jar;D:\tools\java\apache-maven-3.3.9\userlib\ch\qos\logback\logback-classic\1.2.3\logback-classic-1.2.3.jar;D:\tools\java\apache-maven-3.3.9\userlib\ch\qos\logback\logback-core\1.2.3\logback-core-1.2.3.jar;D:\tools\java\apache-maven-3.3.9\userlib\org\apache\logging\log4j\log4j-to-slf4j\2.10.0\log4j-to-slf4j-2.10.0.jar;D:\tools\java\apache-maven-3.3.9\userlib\org\apache\logging\log4j\log4j-api\2.10.0\log4j-api-2.10.0.jar;D:\tools\java\apache-maven-3.3.9\userlib\org\slf4j\jul-to-slf4j\1.7.25\jul-to-slf4j-1.7.25.jar;D:\tools\java\apache-maven-3.3.9\userlib\javax\annotation\javax.annotation-api\1.3.2\javax.annotation-api-1.3.2.jar;D:\tools\java\apache-maven-3.3.9\userlib\org\yaml\snakeyaml\1.19\snakeyaml-1.19.jar;D:\tools\java\apache-maven-3.3.9\userlib\org\springframework\boot\spring-boot-starter-json\2.0.6.RELEASE\spring-boot-starter-json-2.0.6.RELEASE.jar;D:\tools\java\apache-maven-3.3.9\userlib\com\fasterxml\jackson\core\jackson-databind\2.9.7\jackson-databind-2.9.7.jar;D:\tools\java\apache-maven-3.3.9\userlib\com\fasterxml\jackson\core\jackson-core\2.9.7\jackson-core-2.9.7.jar;D:\tools\java\apache-maven-3.3.9\userlib\com\fasterxml\jackson\datatype\jackson-datatype-jdk8\2.9.7\jackson-datatype-jdk8-2.9.7.jar;D:\tools\java\apache-maven-3.3.9\userlib\com\fasterxml\jackson\datatype\jackson-datatype-jsr310\2.9.7\jackson-datatype-jsr310-2.9.7.jar;D:\tools\java\apache-maven-3.3.9\userlib\com\fasterxml\jackson\module\jackson-module-parameter-names\2.9.7\jackson-module-parameter-names-2.9.7.jar;D:\tools\java\apache-maven-3.3.9\userlib\org\springframework\boot\spring-boot-starter-tomcat\2.0.6.RELEASE\spring-boot-starter-tomcat-2.0.6.RELEASE.jar;D:\tools\java\apache-maven-3.3.9\userlib\org\apache\tomcat\embed\tomcat-embed-core\8.5.34\tomcat-embed-core-8.5.34.jar;D:\tools\java\apache-maven-3.3.9\userlib\org\apache\tomcat\embed\tomcat-embed-el\8.5.34\tomcat-embed-el-8.5.34.jar;D:\tools\java\apache-maven-3.3.9\userlib\org\apache\tomcat\embed\tomcat-embed-websocket\8.5.34\tomcat-embed-websocket-8.5.34.jar;D:\tools\java\apache-maven-3.3.9\userlib\org\hibernate\validator\hibernate-validator\6.0.13.Final\hibernate-validator-6.0.13.Final.jar;D:\tools\java\apache-maven-3.3.9\userlib\javax\validation\validation-api\2.0.1.Final\validation-api-2.0.1.Final.jar;D:\tools\java\apache-maven-3.3.9\userlib\org\jboss\logging\jboss-logging\3.3.2.Final\jboss-logging-3.3.2.Final.jar;D:\tools\java\apache-maven-3.3.9\userlib\org\springframework\spring-web\5.0.10.RELEASE\spring-web-5.0.10.RELEASE.jar;D:\tools\java\apache-maven-3.3.9\userlib\org\springframework\spring-beans\5.0.10.RELEASE\spring-beans-5.0.10.RELEASE.jar;D:\tools\java\apache-maven-3.3.9\userlib\org\springframework\spring-webmvc\5.0.10.RELEASE\spring-webmvc-5.0.10.RELEASE.jar;D:\tools\java\apache-maven-3.3.9\userlib\org\springframework\spring-aop\5.0.10.RELEASE\spring-aop-5.0.10.RELEASE.jar;D:\tools\java\apache-maven-3.3.9\userlib\org\springframework\spring-expression\5.0.10.RELEASE\spring-expression-5.0.10.RELEASE.jar;D:\tools\java\apache-maven-3.3.9\userlib\org\springframework\boot\spring-boot-starter-mail\2.0.6.RELEASE\spring-boot-starter-mail-2.0.6.RELEASE.jar;D:\tools\java\apache-maven-3.3.9\userlib\org\springframework\spring-context\5.0.10.RELEASE\spring-context-5.0.10.RELEASE.jar;D:\tools\java\apache-maven-3.3.9\userlib\org\springframework\spring-context-support\5.0.10.RELEASE\spring-context-support-5.0.10.RELEASE.jar;D:\tools\java\apache-maven-3.3.9\userlib\com\sun\mail\javax.mail\1.6.2\javax.mail-1.6.2.jar;D:\tools\java\apache-maven-3.3.9\userlib\javax\activation\activation\1.1\activation-1.1.jar;D:\tools\java\apache-maven-3.3.9\userlib\de\codecentric\spring-boot-admin-starter-server\2.0.2\spring-boot-admin-starter-server-2.0.2.jar;D:\tools\java\apache-maven-3.3.9\userlib\de\codecentric\spring-boot-admin-server\2.0.2\spring-boot-admin-server-2.0.2.jar;D:\tools\java\apache-maven-3.3.9\userlib\org\springframework\boot\spring-boot-starter-webflux\2.0.6.RELEASE\spring-boot-starter-webflux-2.0.6.RELEASE.jar;D:\tools\java\apache-maven-3.3.9\userlib\org\springframework\boot\spring-boot-starter-reactor-netty\2.0.6.RELEASE\spring-boot-starter-reactor-netty-2.0.6.RELEASE.jar;D:\tools\java\apache-maven-3.3.9\userlib\io\projectreactor\ipc\reactor-netty\0.7.10.RELEASE\reactor-netty-0.7.10.RELEASE.jar;D:\tools\java\apache-maven-3.3.9\userlib\io\netty\netty-codec-http\4.1.29.Final\netty-codec-http-4.1.29.Final.jar;D:\tools\java\apache-maven-3.3.9\userlib\io\netty\netty-codec\4.1.29.Final\netty-codec-4.1.29.Final.jar;D:\tools\java\apache-maven-3.3.9\userlib\io\netty\netty-handler\4.1.29.Final\netty-handler-4.1.29.Final.jar;D:\tools\java\apache-maven-3.3.9\userlib\io\netty\netty-buffer\4.1.29.Final\netty-buffer-4.1.29.Final.jar;D:\tools\java\apache-maven-3.3.9\userlib\io\netty\netty-transport\4.1.29.Final\netty-transport-4.1.29.Final.jar;D:\tools\java\apache-maven-3.3.9\userlib\io\netty\netty-resolver\4.1.29.Final\netty-resolver-4.1.29.Final.jar;D:\tools\java\apache-maven-3.3.9\userlib\io\netty\netty-handler-proxy\4.1.29.Final\netty-handler-proxy-4.1.29.Final.jar;D:\tools\java\apache-maven-3.3.9\userlib\io\netty\netty-codec-socks\4.1.29.Final\netty-codec-socks-4.1.29.Final.jar;D:\tools\java\apache-maven-3.3.9\userlib\io\netty\netty-transport-native-epoll\4.1.29.Final\netty-transport-native-epoll-4.1.29.Final-linux-x86_64.jar;D:\tools\java\apache-maven-3.3.9\userlib\io\netty\netty-common\4.1.29.Final\netty-common-4.1.29.Final.jar;D:\tools\java\apache-maven-3.3.9\userlib\io\netty\netty-transport-native-unix-common\4.1.29.Final\netty-transport-native-unix-common-4.1.29.Final.jar;D:\tools\java\apache-maven-3.3.9\userlib\org\springframework\spring-webflux\5.0.10.RELEASE\spring-webflux-5.0.10.RELEASE.jar;D:\tools\java\apache-maven-3.3.9\userlib\org\synchronoss\cloud\nio-multipart-parser\1.1.0\nio-multipart-parser-1.1.0.jar;D:\tools\java\apache-maven-3.3.9\userlib\org\synchronoss\cloud\nio-stream-storage\1.1.3\nio-stream-storage-1.1.3.jar;D:\tools\java\apache-maven-3.3.9\userlib\org\springframework\boot\spring-boot-starter-thymeleaf\2.0.6.RELEASE\spring-boot-starter-thymeleaf-2.0.6.RELEASE.jar;D:\tools\java\apache-maven-3.3.9\userlib\org\thymeleaf\thymeleaf-spring5\3.0.10.RELEASE\thymeleaf-spring5-3.0.10.RELEASE.jar;D:\tools\java\apache-maven-3.3.9\userlib\org\thymeleaf\thymeleaf\3.0.10.RELEASE\thymeleaf-3.0.10.RELEASE.jar;D:\tools\java\apache-maven-3.3.9\userlib\org\attoparser\attoparser\2.0.5.RELEASE\attoparser-2.0.5.RELEASE.jar;D:\tools\java\apache-maven-3.3.9\userlib\org\unbescape\unbescape\1.1.6.RELEASE\unbescape-1.1.6.RELEASE.jar;D:\tools\java\apache-maven-3.3.9\userlib\org\thymeleaf\extras\thymeleaf-extras-java8time\3.0.1.RELEASE\thymeleaf-extras-java8time-3.0.1.RELEASE.jar;D:\tools\java\apache-maven-3.3.9\userlib\org\springframework\boot\spring-boot-starter-actuator\2.0.6.RELEASE\spring-boot-starter-actuator-2.0.6.RELEASE.jar;D:\tools\java\apache-maven-3.3.9\userlib\org\springframework\boot\spring-boot-actuator-autoconfigure\2.0.6.RELEASE\spring-boot-actuator-autoconfigure-2.0.6.RELEASE.jar;D:\tools\java\apache-maven-3.3.9\userlib\org\springframework\boot\spring-boot-actuator\2.0.6.RELEASE\spring-boot-actuator-2.0.6.RELEASE.jar;D:\tools\java\apache-maven-3.3.9\userlib\io\micrometer\micrometer-core\1.0.7\micrometer-core-1.0.7.jar;D:\tools\java\apache-maven-3.3.9\userlib\org\hdrhistogram\HdrHistogram\2.1.10\HdrHistogram-2.1.10.jar;D:\tools\java\apache-maven-3.3.9\userlib\org\latencyutils\LatencyUtils\2.0.3\LatencyUtils-2.0.3.jar;D:\tools\java\apache-maven-3.3.9\userlib\io\projectreactor\addons\reactor-extra\3.1.7.RELEASE\reactor-extra-3.1.7.RELEASE.jar;D:\tools\java\apache-maven-3.3.9\userlib\io\projectreactor\reactor-core\3.1.10.RELEASE\reactor-core-3.1.10.RELEASE.jar;D:\tools\java\apache-maven-3.3.9\userlib\org\reactivestreams\reactive-streams\1.0.2\reactive-streams-1.0.2.jar;D:\tools\java\apache-maven-3.3.9\userlib\de\codecentric\spring-boot-admin-server-ui\2.0.2\spring-boot-admin-server-ui-2.0.2.jar;D:\tools\java\apache-maven-3.3.9\userlib\de\codecentric\spring-boot-admin-server-cloud\2.0.2\spring-boot-admin-server-cloud-2.0.2.jar;D:\tools\java\apache-maven-3.3.9\userlib\org\springframework\boot\spring-boot-configuration-processor\2.0.6.RELEASE\spring-boot-configuration-processor-2.0.6.RELEASE.jar;D:\tools\java\apache-maven-3.3.9\userlib\org\springframework\boot\spring-boot-devtools\2.0.6.RELEASE\spring-boot-devtools-2.0.6.RELEASE.jar;D:\tools\java\apache-maven-3.3.9\userlib\org\springframework\boot\spring-boot\2.0.6.RELEASE\spring-boot-2.0.6.RELEASE.jar;D:\tools\java\apache-maven-3.3.9\userlib\org\springframework\boot\spring-boot-autoconfigure\2.0.6.RELEASE\spring-boot-autoconfigure-2.0.6.RELEASE.jar;D
[...]
	at org.springframework.beans.factory.support.AbstractBeanFactory.lambda$doGetBean$0(AbstractBeanFactory.java:317) ~[spring-beans-5.0.10.RELEASE.jar:5.0.10.RELEASE]
	at org.springframework.beans.factory.support.DefaultSingletonBeanRegistry.getSingleton(DefaultSingletonBeanRegistry.java:222) ~[spring-beans-5.0.10.RELEASE.jar:5.0.10.RELEASE]
	at org.springframework.beans.factory.support.AbstractBeanFactory.doGetBean(AbstractBeanFactory.java:315) ~[spring-beans-5.0.10.RELEASE.jar:5.0.10.RELEASE]
	at org.springframework.beans.factory.support.AbstractBeanFactory.getBean(AbstractBeanFactory.java:199) ~[spring-beans-5.0.10.RELEASE.jar:5.0.10.RELEASE]
	at org.springframework.context.support.AbstractApplicationContext.getBean(AbstractApplicationContext.java:1087) ~[spring-context-5.0.10.RELEASE.jar:5.0.10.RELEASE]
	at org.springframework.boot.actuate.endpoint.annotation.EndpointDiscoverer.createEndpointBean(EndpointDiscoverer.java:144) ~[spring-boot-actuator-2.0.6.RELEASE.jar:2.0.6.RELEASE]
	at org.springframework.boot.actuate.endpoint.annotation.EndpointDiscoverer.createEndpointBeans(EndpointDiscoverer.java:133) ~[spring-boot-actuator-2.0.6.RELEASE.jar:2.0.6.RELEASE]
	at org.springframework.boot.actuate.endpoint.annotation.EndpointDiscoverer.discoverEndpoints(EndpointDiscoverer.java:123) ~[spring-boot-actuator-2.0.6.RELEASE.jar:2.0.6.RELEASE]
	at org.springframework.boot.actuate.endpoint.annotation.EndpointDiscoverer.getEndpoints(EndpointDiscoverer.java:117) ~[spring-boot-actuator-2.0.6.RELEASE.jar:2.0.6.RELEASE]
	at org.springframework.boot.actuate.autoconfigure.endpoint.web.servlet.WebMvcEndpointManagementContextConfiguration.webEndpointServletHandlerMapping(WebMvcEndpointManagementContextConfiguration.java:70) ~[spring-boot-actuator-autoconfigure-2.0.6.RELEASE.jar:2.0.6.RELEASE]
	at org.springframework.boot.actuate.autoconfigure.endpoint.web.servlet.WebMvcEndpointManagementContextConfiguration$$EnhancerBySpringCGLIB$$eb74de5b.CGLIB$webEndpointServletHandlerMapping$0(<generated>) ~[spring-boot-actuator-autoconfigure-2.0.6.RELEASE.jar:2.0.6.RELEASE]
	at org.springframework.boot.actuate.autoconfigure.endpoint.web.servlet.WebMvcEndpointManagementContextConfiguration$$EnhancerBySpringCGLIB$$eb74de5b$$FastClassBySpringCGLIB$$92f18b0b.invoke(<generated>) ~[spring-boot-actuator-autoconfigure-2.0.6.RELEASE.jar:2.0.6.RELEASE]
	at org.springframework.cglib.proxy.MethodProxy.invokeSuper(MethodProxy.java:228) ~[spring-core-5.0.10.RELEASE.jar:5.0.10.RELEASE]
	at org.springframework.context.annotation.ConfigurationClassEnhancer$BeanMethodInterceptor.intercept(ConfigurationClassEnhancer.java:365) ~[spring-context-5.0.10.RELEASE.jar:5.0.10.RELEASE]
	at org.springframework.boot.actuate.autoconfigure.endpoint.web.servlet.WebMvcEndpointManagementContextConfiguration$$EnhancerBySpringCGLIB$$eb74de5b.webEndpointServletHandlerMapping(<generated>) ~[spring-boot-actuator-autoconfigure-2.0.6.RELEASE.jar:2.0.6.RELEASE]
	at sun.reflect.NativeMethodAccessorImpl.invoke0(Native Method) ~[na:1.8.0_212]
	at sun.reflect.NativeMethodAccessorImpl.invoke(NativeMethodAccessorImpl.java:62) ~[na:1.8.0_212]
	at sun.reflect.DelegatingMethodAccessorImpl.invoke(DelegatingMethodAccessorImpl.java:43) ~[na:1.8.0_212]
	at java.lang.reflect.Method.invoke(Method.java:498) ~[na:1.8.0_212]
	at org.springframework.beans.factory.support.SimpleInstantiationStrategy.instantiate(SimpleInstantiationStrategy.java:154) ~[spring-beans-5.0.10.RELEASE.jar:5.0.10.RELEASE]
	... 79 common frames omitted
Caused by: org.springframework.beans.BeanInstantiationException: Failed to instantiate [org.springframework.boot.actuate.health.HealthEndpoint]: Factory method 'healthEndpoint' threw exception; nested exception is org.springframework.beans.factory.BeanCreationException: Error creating bean with name 'org.springframework.boot.actuate.autoconfigure.jdbc.DataSourceHealthIndicatorAutoConfiguration': Bean instantiation via constructor failed; nested exception is org.springframework.beans.BeanInstantiationException: Failed to instantiate [org.springframework.boot.actuate.autoconfigure.jdbc.DataSourceHealthIndicatorAutoConfiguration$$EnhancerBySpringCGLIB$$89872986]: Constructor threw exception; nested exception is org.springframework.beans.factory.BeanCreationException: Error creating bean with name 'dataSource' defined in class path resource [org/springframework/boot/autoconfigure/jdbc/DataSourceConfiguration$Hikari.class]: Bean instantiation via factory method failed; nested exception is org.springframework.beans.BeanInstantiationException: Failed to instantiate [com.zaxxer.hikari.HikariDataSource]: Factory method 'dataSource' threw exception; nested exception is org.springframework.boot.autoconfigure.jdbc.DataSourceProperties$DataSourceBeanCreationException: Failed to determine a suitable driver class
	at org.springframework.beans.factory.support.SimpleInstantiationStrategy.instantiate(SimpleInstantiationStrategy.java:185) ~[spring-beans-5.0.10.RELEASE.jar:5.0.10.RELEASE]
	at org.springframework.beans.factory.support.ConstructorResolver.instantiateUsingFactoryMethod(ConstructorResolver.java:583) ~[spring-beans-5.0.10.RELEASE.jar:5.0.10.RELEASE]
	... 103 common frames omitted
Caused by: org.springframework.beans.factory.BeanCreationException: Error creating bean with name 'org.springframework.boot.actuate.autoconfigure.jdbc.DataSourceHealthIndicatorAutoConfiguration': Bean instantiation via constructor failed; nested exception is org.springframework.beans.BeanInstantiationException: Failed to instantiate [org.springframework.boot.actuate.autoconfigure.jdbc.DataSourceHealthIndicatorAutoConfiguration$$EnhancerBySpringCGLIB$$89872986]: Constructor threw exception; nested exception is org.springframework.beans.factory.BeanCreationException: Error creating bean with name 'dataSource' defined in class path resource [org/springframework/boot/autoconfigure/jdbc/DataSourceConfiguration$Hikari.class]: Bean instantiation via factory method failed; nested exception is org.springframework.beans.BeanInstantiationException: Failed to instantiate [com.zaxxer.hikari.HikariDataSource]: Factory method 'dataSource' threw exception; nested exception is org.springframework.boot.autoconfigure.jdbc.DataSourceProperties$DataSourceBeanCreationException: Failed to determine a suitable driver class
	at org.springframework.beans.factory.support.ConstructorResolver.autowireConstructor(ConstructorResolver.java:283) ~[spring-beans-5.0.10.RELEASE.jar:5.0.10.RELEASE]
	at org.springframework.beans.factory.support.AbstractAutowireCapableBeanFactory.autowireConstructor(AbstractAutowireCapableBeanFactory.java:1266) ~[spring-beans-5.0.10.RELEASE.jar:5.0.10.RELEASE]
	at org.springframework.beans.factory.support.AbstractAutowireCapableBeanFactory.createBeanInstance(AbstractAutowireCapableBeanFactory.java:1123) ~[spring-beans-5.0.10.RELEASE.jar:5.0.10.RELEASE]
	at org.springframework.beans.factory.support.AbstractAutowireCapableBeanFactory.doCreateBean(AbstractAutowireCapableBeanFactory.java:535) ~[spring-beans-5.0.10.RELEASE.jar:5.0.10.RELEASE]
	at org.springframework.beans.factory.support.AbstractAutowireCapableBeanFactory.createBean(AbstractAutowireCapableBeanFactory.java:495) ~[spring-beans-5.0.10.RELEASE.jar:5.0.10.RELEASE]
	at org.springframework.beans.factory.support.AbstractBeanFactory.lambda$doGetBean$0(AbstractBeanFactory.java:317) ~[spring-beans-5.0.10.RELEASE.jar:5.0.10.RELEASE]
	at org.springframework.beans.factory.support.DefaultSingletonBeanRegistry.getSingleton(DefaultSingletonBeanRegistry.java:222) ~[spring-beans-5.0.10.RELEASE.jar:5.0.10.RELEASE]
	at org.springframework.beans.factory.support.AbstractBeanFactory.doGetBean(AbstractBeanFactory.java:315) ~[spring-beans-5.0.10.RELEASE.jar:5.0.10.RELEASE]
	at org.springframework.beans.factory.support.AbstractBeanFactory.getBean(AbstractBeanFactory.java:199) ~[spring-beans-5.0.10.RELEASE.jar:5.0.10.RELEASE]
	at org.springframework.beans.factory.support.ConstructorResolver.instantiateUsingFactoryMethod(ConstructorResolver.java:373) ~[spring-beans-5.0.10.RELEASE.jar:5.0.10.RELEASE]
	at org.springframework.beans.factory.support.AbstractAutowireCapableBeanFactory.instantiateUsingFactoryMethod(AbstractAutowireCapableBeanFactory.java:1246) ~[spring-beans-5.0.10.RELEASE.jar:5.0.10.RELEASE]
	at org.springframework.beans.factory.support.AbstractAutowireCapableBeanFactory.createBeanInstance(AbstractAutowireCapableBeanFactory.java:1096) ~[spring-beans-5.0.10.RELEASE.jar:5.0.10.RELEASE]
	at org.springframework.beans.factory.support.AbstractAutowireCapableBeanFactory.doCreateBean(AbstractAutowireCapableBeanFactory.java:535) ~[spring-beans-5.0.10.RELEASE.jar:5.0.10.RELEASE]
	at org.springframework.beans.factory.support.AbstractAutowireCapableBeanFactory.createBean(AbstractAutowireCapableBeanFactory.java:495) ~[spring-beans-5.0.10.RELEASE.jar:5.0.10.RELEASE]
	at org.springframework.beans.factory.support.AbstractBeanFactory.lambda$doGetBean$0(AbstractBeanFactory.java:317) ~[spring-beans-5.0.10.RELEASE.jar:5.0.10.RELEASE]
	at org.springframework.beans.factory.support.DefaultSingletonBeanRegistry.getSingleton(DefaultSingletonBeanRegistry.java:222) ~[spring-beans-5.0.10.RELEASE.jar:5.0.10.RELEASE]
	at org.springframework.beans.factory.support.AbstractBeanFactory.doGetBean(AbstractBeanFactory.java:315) ~[spring-beans-5.0.10.RELEASE.jar:5.0.10.RELEASE]
	at org.springframework.beans.factory.support.AbstractBeanFactory.getBean(AbstractBeanFactory.java:199) ~[spring-beans-5.0.10.RELEASE.jar:5.0.10.RELEASE]
	at org.springframework.beans.factory.support.DefaultListableBeanFactory.getBeansOfType(DefaultListableBeanFactory.java:514) ~[spring-beans-5.0.10.RELEASE.jar:5.0.10.RELEASE]
	at org.springframework.beans.factory.support.DefaultListableBeanFactory.getBeansOfType(DefaultListableBeanFactory.java:502) ~[spring-beans-5.0.10.RELEASE.jar:5.0.10.RELEASE]
	at org.springframework.context.support.AbstractApplicationContext.getBeansOfType(AbstractApplicationContext.java:1196) ~[spring-context-5.0.10.RELEASE.jar:5.0.10.RELEASE]
	at org.springframework.boot.actuate.autoconfigure.health.HealthIndicatorBeansComposite.get(HealthIndicatorBeansComposite.java:46) ~[spring-boot-actuator-autoconfigure-2.0.6.RELEASE.jar:2.0.6.RELEASE]
	at org.springframework.boot.actuate.autoconfigure.health.HealthEndpointConfiguration.healthEndpoint(HealthEndpointConfiguration.java:38) ~[spring-boot-actuator-autoconfigure-2.0.6.RELEASE.jar:2.0.6.RELEASE]
	at org.springframework.boot.actuate.autoconfigure.health.HealthEndpointConfiguration$$EnhancerBySpringCGLIB$$37438de3.CGLIB$healthEndpoint$0(<generated>) ~[spring-boot-actuator-autoconfigure-2.0.6.RELEASE.jar:2.0.6.RELEASE]
	at org.springframework.boot.actuate.autoconfigure.health.HealthEndpointConfiguration$$EnhancerBySpringCGLIB$$37438de3$$FastClassBySpringCGLIB$$d0fdde38.invoke(<generated>) ~[spring-boot-actuator-autoconfigure-2.0.6.RELEASE.jar:2.0.6.RELEASE]
	at org.springframework.cglib.proxy.MethodProxy.invokeSuper(MethodProxy.java:228) ~[spring-core-5.0.10.RELEASE.jar:5.0.10.RELEASE]
	at org.springframework.context.annotation.ConfigurationClassEnhancer$BeanMethodInterceptor.intercept(ConfigurationClassEnhancer.java:365) ~[spring-context-5.0.10.RELEASE.jar:5.0.10.RELEASE]
	at org.springframework.boot.actuate.autoconfigure.health.HealthEndpointConfiguration$$EnhancerBySpringCGLIB$$37438de3.healthEndpoint(<generated>) ~[spring-boot-actuator-autoconfigure-2.0.6.RELEASE.jar:2.0.6.RELEASE]
	at sun.reflect.NativeMethodAccessorImpl.invoke0(Native Method) ~[na:1.8.0_212]
	at sun.reflect.NativeMethodAccessorImpl.invoke(NativeMethodAccessorImpl.java:62) ~[na:1.8.0_212]
	at sun.reflect.DelegatingMethodAccessorImpl.invoke(DelegatingMethodAccessorImpl.java:43) ~[na:1.8.0_212]
	at java.lang.reflect.Method.invoke(Method.java:498) ~[na:1.8.0_212]
	at org.springframework.beans.factory.support.SimpleInstantiationStrategy.instantiate(SimpleInstantiationStrategy.java:154) ~[spring-beans-5.0.10.RELEASE.jar:5.0.10.RELEASE]
	... 104 common frames omitted
Caused by: org.springframework.beans.BeanInstantiationException: Failed to instantiate [org.springframework.boot.actuate.autoconfigure.jdbc.DataSourceHealthIndicatorAutoConfiguration$$EnhancerBySpringCGLIB$$89872986]: Constructor threw exception; nested exception is org.springframework.beans.factory.BeanCreationException: Error creating bean with name 'dataSource' defined in class path resource [org/springframework/boot/autoconfigure/jdbc/DataSourceConfiguration$Hikari.class]: Bean instantiation via factory method failed; nested exception is org.springframework.beans.BeanInstantiationException: Failed to instantiate [com.zaxxer.hikari.HikariDataSource]: Factory method 'dataSource' threw exception; nested exception is org.springframework.boot.autoconfigure.jdbc.DataSourceProperties$DataSourceBeanCreationException: Failed to determine a suitable driver class
	at org.springframework.beans.BeanUtils.instantiateClass(BeanUtils.java:182) ~[spring-beans-5.0.10.RELEASE.jar:5.0.10.RELEASE]
	at org.springframework.beans.factory.support.SimpleInstantiationStrategy.instantiate(SimpleInstantiationStrategy.java:117) ~[spring-beans-5.0.10.RELEASE.jar:5.0.10.RELEASE]
	at org.springframework.beans.factory.support.ConstructorResolver.autowireConstructor(ConstructorResolver.java:276) ~[spring-beans-5.0.10.RELEASE.jar:5.0.10.RELEASE]
	... 136 common frames omitted
Caused by: org.springframework.beans.factory.BeanCreationException: Error creating bean with name 'dataSource' defined in class path resource [org/springframework/boot/autoconfigure/jdbc/DataSourceConfiguration$Hikari.class]: Bean instantiation via factory method failed; nested exception is org.springframework.beans.BeanInstantiationException: Failed to instantiate [com.zaxxer.hikari.HikariDataSource]: Factory method 'dataSource' threw exception; nested exception is org.springframework.boot.autoconfigure.jdbc.DataSourceProperties$DataSourceBeanCreationException: Failed to determine a suitable driver class
	at org.springframework.beans.factory.support.ConstructorResolver.instantiateUsingFactoryMethod(ConstructorResolver.java:591) ~[spring-beans-5.0.10.RELEASE.jar:5.0.10.RELEASE]
	at org.springframework.beans.factory.support.AbstractAutowireCapableBeanFactory.instantiateUsingFactoryMethod(AbstractAutowireCapableBeanFactory.java:1246) ~[spring-beans-5.0.10.RELEASE.jar:5.0.10.RELEASE]
	at org.springframework.beans.factory.support.AbstractAutowireCapableBeanFactory.createBeanInstance(AbstractAutowireCapableBeanFactory.java:1096) ~[spring-beans-5.0.10.RELEASE.jar:5.0.10.RELEASE]
	at org.springframework.beans.factory.support.AbstractAutowireCapableBeanFactory.doCreateBean(AbstractAutowireCapableBeanFactory.java:535) ~[spring-beans-5.0.10.RELEASE.jar:5.0.10.RELEASE]
	at org.springframework.beans.factory.support.AbstractAutowireCapableBeanFactory.createBean(AbstractAutowireCapableBeanFactory.java:495) ~[spring-beans-5.0.10.RELEASE.jar:5.0.10.RELEASE]
	at org.springframework.beans.factory.support.AbstractBeanFactory.lambda$doGetBean$0(AbstractBeanFactory.java:317) ~[spring-beans-5.0.10.RELEASE.jar:5.0.10.RELEASE]
	at org.springframework.beans.factory.support.DefaultSingletonBeanRegistry.getSingleton(DefaultSingletonBeanRegistry.java:222) ~[spring-beans-5.0.10.RELEASE.jar:5.0.10.RELEASE]
	at org.springframework.beans.factory.support.AbstractBeanFactory.doGetBean(AbstractBeanFactory.java:315) ~[spring-beans-5.0.10.RELEASE.jar:5.0.10.RELEASE]
	at org.springframework.beans.factory.support.AbstractBeanFactory.getBean(AbstractBeanFactory.java:199) ~[spring-beans-5.0.10.RELEASE.jar:5.0.10.RELEASE]
	at org.springframework.beans.factory.config.DependencyDescriptor.resolveCandidate(DependencyDescriptor.java:251) ~[spring-beans-5.0.10.RELEASE.jar:5.0.10.RELEASE]
	at org.springframework.beans.factory.support.DefaultListableBeanFactory.addCandidateEntry(DefaultListableBeanFactory.java:1322) ~[spring-beans-5.0.10.RELEASE.jar:5.0.10.RELEASE]
	at org.springframework.beans.factory.support.DefaultListableBeanFactory.findAutowireCandidates(DefaultListableBeanFactory.java:1288) ~[spring-beans-5.0.10.RELEASE.jar:5.0.10.RELEASE]
	at org.springframework.beans.factory.support.DefaultListableBeanFactory.resolveMultipleBeans(DefaultListableBeanFactory.java:1215) ~[spring-beans-5.0.10.RELEASE.jar:5.0.10.RELEASE]
	at org.springframework.beans.factory.support.DefaultListableBeanFactory.doResolveDependency(DefaultListableBeanFactory.java:1093) ~[spring-beans-5.0.10.RELEASE.jar:5.0.10.RELEASE]
	at org.springframework.beans.factory.support.DefaultListableBeanFactory$DependencyObjectProvider.getIfAvailable(DefaultListableBeanFactory.java:1706) ~[spring-beans-5.0.10.RELEASE.jar:5.0.10.RELEASE]
	at org.springframework.boot.actuate.autoconfigure.jdbc.DataSourceHealthIndicatorAutoConfiguration.<init>(DataSourceHealthIndicatorAutoConfiguration.java:77) ~[spring-boot-actuator-autoconfigure-2.0.6.RELEASE.jar:2.0.6.RELEASE]
	at org.springframework.boot.actuate.autoconfigure.jdbc.DataSourceHealthIndicatorAutoConfiguration$$EnhancerBySpringCGLIB$$89872986.<init>(<generated>) ~[spring-boot-actuator-autoconfigure-2.0.6.RELEASE.jar:2.0.6.RELEASE]
	at sun.reflect.NativeConstructorAccessorImpl.newInstance0(Native Method) ~[na:1.8.0_212]
	at sun.reflect.NativeConstructorAccessorImpl.newInstance(NativeConstructorAccessorImpl.java:62) ~[na:1.8.0_212]
	at sun.reflect.DelegatingConstructorAccessorImpl.newInstance(DelegatingConstructorAccessorImpl.java:45) ~[na:1.8.0_212]
	at java.lang.reflect.Constructor.newInstance(Constructor.java:423) ~[na:1.8.0_212]
	at org.springframework.beans.BeanUtils.instantiateClass(BeanUtils.java:170) ~[spring-beans-5.0.10.RELEASE.jar:5.0.10.RELEASE]
	... 138 common frames omitted
Caused by: org.springframework.beans.BeanInstantiationException: Failed to instantiate [com.zaxxer.hikari.HikariDataSource]: Factory method 'dataSource' threw exception; nested exception is org.springframework.boot.autoconfigure.jdbc.DataSourceProperties$DataSourceBeanCreationException: Failed to determine a suitable driver class
	at org.springframework.beans.factory.support.SimpleInstantiationStrategy.instantiate(SimpleInstantiationStrategy.java:185) ~[spring-beans-5.0.10.RELEASE.jar:5.0.10.RELEASE]
	at org.springframework.beans.factory.support.ConstructorResolver.instantiateUsingFactoryMethod(ConstructorResolver.java:583) ~[spring-beans-5.0.10.RELEASE.jar:5.0.10.RELEASE]
	... 159 common frames omitted
Caused by: org.springframework.boot.autoconfigure.jdbc.DataSourceProperties$DataSourceBeanCreationException: Failed to determine a suitable driver class
	at org.springframework.boot.autoconfigure.jdbc.DataSourceProperties.determineDriverClassName(DataSourceProperties.java:236) ~[spring-boot-autoconfigure-2.0.6.RELEASE.jar:2.0.6.RELEASE]
	at org.springframework.boot.autoconfigure.jdbc.DataSourceProperties.initializeDataSourceBuilder(DataSourceProperties.java:176) ~[spring-boot-autoconfigure-2.0.6.RELEASE.jar:2.0.6.RELEASE]
	at org.springframework.boot.autoconfigure.jdbc.DataSourceConfiguration.createDataSource(DataSourceConfiguration.java:43) ~[spring-boot-autoconfigure-2.0.6.RELEASE.jar:2.0.6.RELEASE]
	at org.springframework.boot.autoconfigure.jdbc.DataSourceConfiguration$Hikari.dataSource(DataSourceConfiguration.java:83) ~[spring-boot-autoconfigure-2.0.6.RELEASE.jar:2.0.6.RELEASE]
	at sun.reflect.NativeMethodAccessorImpl.invoke0(Native Method) ~[na:1.8.0_212]
	at sun.reflect.NativeMethodAccessorImpl.invoke(NativeMethodAccessorImpl.java:62) ~[na:1.8.0_212]
	at sun.reflect.DelegatingMethodAccessorImpl.invoke(DelegatingMethodAccessorImpl.java:43) ~[na:1.8.0_212]
	at java.lang.reflect.Method.invoke(Method.java:498) ~[na:1.8.0_212]
	at org.springframework.beans.factory.support.SimpleInstantiationStrategy.instantiate(SimpleInstantiationStrategy.java:154) ~[spring-beans-5.0.10.RELEASE.jar:5.0.10.RELEASE]
	... 160 common frames omitted

]]></system-out>
  </testcase>
</testsuite>